{"/Users/austinbeyaoju/Documents/hackReactor/P2P/client/src/components/App.jsx": {"path":"/Users/austinbeyaoju/Documents/hackReactor/P2P/client/src/components/App.jsx","statementMap":{"0":{"start":{"line":11,"column":12},"end":{"line":38,"column":1}},"1":{"start":{"line":12,"column":25},"end":{"line":12,"column":51}},"2":{"start":{"line":13,"column":47},"end":{"line":13,"column":61}},"3":{"start":{"line":17,"column":16},"end":{"line":17,"column":30}},"4":{"start":{"line":19,"column":2},"end":{"line":21,"column":8}},"5":{"start":{"line":20,"column":4},"end":{"line":20,"column":25}},"6":{"start":{"line":23,"column":2},"end":{"line":37,"column":3}},"7":{"start":{"line":24,"column":4},"end":{"line":34,"column":6}},"8":{"start":{"line":36,"column":4},"end":{"line":36,"column":41}}},"fnMap":{"0":{"name":"(anonymous_0)","decl":{"start":{"line":11,"column":12},"end":{"line":11,"column":13}},"loc":{"start":{"line":11,"column":23},"end":{"line":38,"column":1}},"line":11},"1":{"name":"(anonymous_1)","decl":{"start":{"line":19,"column":12},"end":{"line":19,"column":13}},"loc":{"start":{"line":19,"column":18},"end":{"line":21,"column":3}},"line":19}},"branchMap":{"0":{"loc":{"start":{"line":23,"column":2},"end":{"line":37,"column":3}},"type":"if","locations":[{"start":{"line":23,"column":2},"end":{"line":37,"column":3}},{"start":{"line":35,"column":9},"end":{"line":37,"column":3}}],"line":23}},"s":{"0":1,"1":4,"2":4,"3":4,"4":4,"5":2,"6":4,"7":0,"8":4},"f":{"0":4,"1":2},"b":{"0":[0,4]},"_coverageSchema":"1a1c01bbd47fc00a2c39e90264f33305004495a9","hash":"6d1b8b1de291875ddddb17eacb78ead35fc387bb"}
,"/Users/austinbeyaoju/Documents/hackReactor/P2P/client/src/components/DarkMode.jsx": {"path":"/Users/austinbeyaoju/Documents/hackReactor/P2P/client/src/components/DarkMode.jsx","statementMap":{"0":{"start":{"line":3,"column":16},"end":{"line":6,"column":1}},"1":{"start":{"line":4,"column":2},"end":{"line":4,"column":40}},"2":{"start":{"line":5,"column":2},"end":{"line":5,"column":62}},"3":{"start":{"line":8,"column":17},"end":{"line":11,"column":1}},"4":{"start":{"line":9,"column":2},"end":{"line":9,"column":41}},"5":{"start":{"line":10,"column":2},"end":{"line":10,"column":63}},"6":{"start":{"line":13,"column":20},"end":{"line":13,"column":49}},"7":{"start":{"line":15,"column":20},"end":{"line":15,"column":98}},"8":{"start":{"line":17,"column":20},"end":{"line":17,"column":83}},"9":{"start":{"line":19,"column":0},"end":{"line":21,"column":1}},"10":{"start":{"line":20,"column":2},"end":{"line":20,"column":12}},"11":{"start":{"line":23,"column":20},"end":{"line":29,"column":1}},"12":{"start":{"line":24,"column":2},"end":{"line":28,"column":3}},"13":{"start":{"line":25,"column":4},"end":{"line":25,"column":14}},"14":{"start":{"line":27,"column":4},"end":{"line":27,"column":15}},"15":{"start":{"line":32,"column":2},"end":{"line":39,"column":3}},"16":{"start":{"line":34,"column":46},"end":{"line":34,"column":60}}},"fnMap":{"0":{"name":"(anonymous_0)","decl":{"start":{"line":3,"column":16},"end":{"line":3,"column":17}},"loc":{"start":{"line":3,"column":22},"end":{"line":6,"column":1}},"line":3},"1":{"name":"(anonymous_1)","decl":{"start":{"line":8,"column":17},"end":{"line":8,"column":18}},"loc":{"start":{"line":8,"column":23},"end":{"line":11,"column":1}},"line":8},"2":{"name":"(anonymous_2)","decl":{"start":{"line":23,"column":20},"end":{"line":23,"column":21}},"loc":{"start":{"line":23,"column":27},"end":{"line":29,"column":1}},"line":23},"3":{"name":"DarkMode","decl":{"start":{"line":31,"column":9},"end":{"line":31,"column":17}},"loc":{"start":{"line":31,"column":20},"end":{"line":40,"column":1}},"line":31},"4":{"name":"(anonymous_4)","decl":{"start":{"line":34,"column":39},"end":{"line":34,"column":40}},"loc":{"start":{"line":34,"column":46},"end":{"line":34,"column":60}},"line":34}},"branchMap":{"0":{"loc":{"start":{"line":15,"column":20},"end":{"line":15,"column":98}},"type":"binary-expr","locations":[{"start":{"line":15,"column":20},"end":{"line":15,"column":37}},{"start":{"line":15,"column":41},"end":{"line":15,"column":98}}],"line":15},"1":{"loc":{"start":{"line":17,"column":20},"end":{"line":17,"column":83}},"type":"binary-expr","locations":[{"start":{"line":17,"column":20},"end":{"line":17,"column":42}},{"start":{"line":17,"column":47},"end":{"line":17,"column":67}},{"start":{"line":17,"column":71},"end":{"line":17,"column":82}}],"line":17},"2":{"loc":{"start":{"line":19,"column":0},"end":{"line":21,"column":1}},"type":"if","locations":[{"start":{"line":19,"column":0},"end":{"line":21,"column":1}},{"start":{},"end":{}}],"line":19},"3":{"loc":{"start":{"line":24,"column":2},"end":{"line":28,"column":3}},"type":"if","locations":[{"start":{"line":24,"column":2},"end":{"line":28,"column":3}},{"start":{"line":26,"column":9},"end":{"line":28,"column":3}}],"line":24}},"s":{"0":1,"1":0,"2":0,"3":1,"4":0,"5":0,"6":1,"7":1,"8":1,"9":1,"10":0,"11":1,"12":0,"13":0,"14":0,"15":0,"16":0},"f":{"0":0,"1":0,"2":0,"3":0,"4":0},"b":{"0":[1,0],"1":[1,1,1],"2":[0,1],"3":[0,0]},"_coverageSchema":"1a1c01bbd47fc00a2c39e90264f33305004495a9","hash":"7269ce5d6bef8ec36c8856ae77f1ade0a2ca3685"}
,"/Users/austinbeyaoju/Documents/hackReactor/P2P/client/src/components/animate.js": {"path":"/Users/austinbeyaoju/Documents/hackReactor/P2P/client/src/components/animate.js","statementMap":{"0":{"start":{"line":4,"column":20},"end":{"line":10,"column":10}},"1":{"start":{"line":5,"column":8},"end":{"line":9,"column":9}},"2":{"start":{"line":12,"column":24},"end":{"line":12,"column":27}},"3":{"start":{"line":13,"column":36},"end":{"line":13,"column":51}},"4":{"start":{"line":14,"column":30},"end":{"line":14,"column":41}},"5":{"start":{"line":17,"column":4},"end":{"line":42,"column":11}},"6":{"start":{"line":18,"column":25},"end":{"line":31,"column":9}},"7":{"start":{"line":20,"column":16},"end":{"line":29,"column":17}},"8":{"start":{"line":21,"column":20},"end":{"line":21,"column":38}},"9":{"start":{"line":22,"column":20},"end":{"line":25,"column":36}},"10":{"start":{"line":23,"column":22},"end":{"line":23,"column":55}},"11":{"start":{"line":27,"column":18},"end":{"line":27,"column":50}},"12":{"start":{"line":33,"column":8},"end":{"line":36,"column":9}},"13":{"start":{"line":34,"column":10},"end":{"line":34,"column":44}},"14":{"start":{"line":37,"column":8},"end":{"line":40,"column":10}},"15":{"start":{"line":38,"column":10},"end":{"line":38,"column":46}},"16":{"start":{"line":44,"column":14},"end":{"line":44,"column":27}},"17":{"start":{"line":46,"column":4},"end":{"line":46,"column":15}}},"fnMap":{"0":{"name":"useIntersection","decl":{"start":{"line":3,"column":16},"end":{"line":3,"column":31}},"loc":{"start":{"line":3,"column":41},"end":{"line":47,"column":1}},"line":3},"1":{"name":"(anonymous_1)","decl":{"start":{"line":4,"column":28},"end":{"line":4,"column":29}},"loc":{"start":{"line":4,"column":34},"end":{"line":10,"column":5}},"line":4},"2":{"name":"(anonymous_2)","decl":{"start":{"line":17,"column":14},"end":{"line":17,"column":15}},"loc":{"start":{"line":17,"column":20},"end":{"line":42,"column":5}},"line":17},"3":{"name":"(anonymous_3)","decl":{"start":{"line":19,"column":12},"end":{"line":19,"column":13}},"loc":{"start":{"line":19,"column":25},"end":{"line":30,"column":13}},"line":19},"4":{"name":"(anonymous_4)","decl":{"start":{"line":22,"column":31},"end":{"line":22,"column":32}},"loc":{"start":{"line":22,"column":37},"end":{"line":25,"column":21}},"line":22},"5":{"name":"(anonymous_5)","decl":{"start":{"line":37,"column":15},"end":{"line":37,"column":16}},"loc":{"start":{"line":37,"column":21},"end":{"line":40,"column":9}},"line":37}},"branchMap":{"0":{"loc":{"start":{"line":20,"column":16},"end":{"line":29,"column":17}},"type":"if","locations":[{"start":{"line":20,"column":16},"end":{"line":29,"column":17}},{"start":{"line":26,"column":25},"end":{"line":29,"column":17}}],"line":20},"1":{"loc":{"start":{"line":33,"column":8},"end":{"line":36,"column":9}},"type":"if","locations":[{"start":{"line":33,"column":8},"end":{"line":36,"column":9}},{"start":{},"end":{}}],"line":33}},"s":{"0":0,"1":0,"2":0,"3":0,"4":0,"5":0,"6":0,"7":0,"8":0,"9":0,"10":0,"11":0,"12":0,"13":0,"14":0,"15":0,"16":0,"17":0},"f":{"0":0,"1":0,"2":0,"3":0,"4":0,"5":0},"b":{"0":[0,0],"1":[0,0]},"_coverageSchema":"1a1c01bbd47fc00a2c39e90264f33305004495a9","hash":"cdd984da5e23bf2de046958c201447caa468a116"}
,"/Users/austinbeyaoju/Documents/hackReactor/P2P/client/src/components/Context/ProductContext.jsx": {"path":"/Users/austinbeyaoju/Documents/hackReactor/P2P/client/src/components/Context/ProductContext.jsx","statementMap":{"0":{"start":{"line":3,"column":23},"end":{"line":3,"column":38}}},"fnMap":{},"branchMap":{},"s":{"0":1},"f":{},"b":{},"_coverageSchema":"1a1c01bbd47fc00a2c39e90264f33305004495a9","hash":"5ab59fbd60201382ab5fa4e0527c8a4ca4b599dd"}
,"/Users/austinbeyaoju/Documents/hackReactor/P2P/client/src/components/Context/ProductReducer.jsx": {"path":"/Users/austinbeyaoju/Documents/hackReactor/P2P/client/src/components/Context/ProductReducer.jsx","statementMap":{"0":{"start":{"line":13,"column":2},"end":{"line":51,"column":3}},"1":{"start":{"line":15,"column":6},"end":{"line":18,"column":7}},"2":{"start":{"line":20,"column":6},"end":{"line":23,"column":8}},"3":{"start":{"line":25,"column":6},"end":{"line":28,"column":8}},"4":{"start":{"line":30,"column":6},"end":{"line":33,"column":7}},"5":{"start":{"line":35,"column":6},"end":{"line":38,"column":7}},"6":{"start":{"line":40,"column":6},"end":{"line":43,"column":7}},"7":{"start":{"line":45,"column":6},"end":{"line":48,"column":8}},"8":{"start":{"line":50,"column":6},"end":{"line":50,"column":19}}},"fnMap":{"0":{"name":"(anonymous_0)","decl":{"start":{"line":12,"column":15},"end":{"line":12,"column":16}},"loc":{"start":{"line":12,"column":34},"end":{"line":52,"column":1}},"line":12}},"branchMap":{"0":{"loc":{"start":{"line":13,"column":2},"end":{"line":51,"column":3}},"type":"switch","locations":[{"start":{"line":14,"column":4},"end":{"line":18,"column":7}},{"start":{"line":19,"column":4},"end":{"line":23,"column":8}},{"start":{"line":24,"column":4},"end":{"line":28,"column":8}},{"start":{"line":29,"column":4},"end":{"line":33,"column":7}},{"start":{"line":34,"column":4},"end":{"line":38,"column":7}},{"start":{"line":39,"column":4},"end":{"line":43,"column":7}},{"start":{"line":44,"column":4},"end":{"line":48,"column":8}},{"start":{"line":49,"column":4},"end":{"line":50,"column":19}}],"line":13}},"s":{"0":2,"1":0,"2":0,"3":0,"4":0,"5":2,"6":0,"7":0,"8":0},"f":{"0":2},"b":{"0":[0,0,0,0,2,0,0,0]},"_coverageSchema":"1a1c01bbd47fc00a2c39e90264f33305004495a9","hash":"0ab39a6acab5dd861e4a5615d2743b6e35c7f5e8"}
,"/Users/austinbeyaoju/Documents/hackReactor/P2P/client/src/components/Context/ProductState.jsx": {"path":"/Users/austinbeyaoju/Documents/hackReactor/P2P/client/src/components/Context/ProductState.jsx","statementMap":{"0":{"start":{"line":17,"column":21},"end":{"line":125,"column":1}},"1":{"start":{"line":18,"column":22},"end":{"line":25,"column":3}},"2":{"start":{"line":27,"column":28},"end":{"line":27,"column":67}},"3":{"start":{"line":29,"column":21},"end":{"line":42,"column":3}},"4":{"start":{"line":30,"column":4},"end":{"line":41,"column":5}},"5":{"start":{"line":31,"column":18},"end":{"line":31,"column":59}},"6":{"start":{"line":32,"column":6},"end":{"line":35,"column":8}},"7":{"start":{"line":37,"column":6},"end":{"line":40,"column":8}},"8":{"start":{"line":44,"column":20},"end":{"line":57,"column":3}},"9":{"start":{"line":45,"column":4},"end":{"line":56,"column":5}},"10":{"start":{"line":46,"column":18},"end":{"line":46,"column":66}},"11":{"start":{"line":47,"column":6},"end":{"line":50,"column":8}},"12":{"start":{"line":52,"column":6},"end":{"line":55,"column":8}},"13":{"start":{"line":59,"column":27},"end":{"line":72,"column":3}},"14":{"start":{"line":60,"column":4},"end":{"line":71,"column":5}},"15":{"start":{"line":61,"column":18},"end":{"line":61,"column":66}},"16":{"start":{"line":62,"column":6},"end":{"line":65,"column":8}},"17":{"start":{"line":67,"column":6},"end":{"line":70,"column":8}},"18":{"start":{"line":74,"column":22},"end":{"line":79,"column":3}},"19":{"start":{"line":75,"column":4},"end":{"line":78,"column":6}},"20":{"start":{"line":81,"column":24},"end":{"line":86,"column":3}},"21":{"start":{"line":82,"column":4},"end":{"line":85,"column":6}},"22":{"start":{"line":88,"column":22},"end":{"line":106,"column":3}},"23":{"start":{"line":89,"column":4},"end":{"line":105,"column":7}},"24":{"start":{"line":95,"column":6},"end":{"line":98,"column":9}},"25":{"start":{"line":101,"column":6},"end":{"line":104,"column":9}},"26":{"start":{"line":108,"column":2},"end":{"line":124,"column":3}}},"fnMap":{"0":{"name":"(anonymous_0)","decl":{"start":{"line":17,"column":21},"end":{"line":17,"column":22}},"loc":{"start":{"line":17,"column":39},"end":{"line":125,"column":1}},"line":17},"1":{"name":"(anonymous_1)","decl":{"start":{"line":29,"column":21},"end":{"line":29,"column":22}},"loc":{"start":{"line":29,"column":44},"end":{"line":42,"column":3}},"line":29},"2":{"name":"(anonymous_2)","decl":{"start":{"line":44,"column":20},"end":{"line":44,"column":21}},"loc":{"start":{"line":44,"column":43},"end":{"line":57,"column":3}},"line":44},"3":{"name":"(anonymous_3)","decl":{"start":{"line":59,"column":27},"end":{"line":59,"column":28}},"loc":{"start":{"line":59,"column":48},"end":{"line":72,"column":3}},"line":59},"4":{"name":"(anonymous_4)","decl":{"start":{"line":74,"column":22},"end":{"line":74,"column":23}},"loc":{"start":{"line":74,"column":41},"end":{"line":79,"column":3}},"line":74},"5":{"name":"(anonymous_5)","decl":{"start":{"line":81,"column":24},"end":{"line":81,"column":25}},"loc":{"start":{"line":81,"column":39},"end":{"line":86,"column":3}},"line":81},"6":{"name":"(anonymous_6)","decl":{"start":{"line":88,"column":22},"end":{"line":88,"column":23}},"loc":{"start":{"line":88,"column":37},"end":{"line":106,"column":3}},"line":88},"7":{"name":"(anonymous_7)","decl":{"start":{"line":93,"column":9},"end":{"line":93,"column":10}},"loc":{"start":{"line":93,"column":17},"end":{"line":99,"column":5}},"line":93},"8":{"name":"(anonymous_8)","decl":{"start":{"line":100,"column":11},"end":{"line":100,"column":12}},"loc":{"start":{"line":100,"column":18},"end":{"line":105,"column":5}},"line":100}},"branchMap":{},"s":{"0":1,"1":4,"2":4,"3":4,"4":0,"5":0,"6":0,"7":0,"8":4,"9":0,"10":0,"11":0,"12":0,"13":4,"14":0,"15":0,"16":0,"17":0,"18":4,"19":0,"20":4,"21":2,"22":4,"23":0,"24":0,"25":0,"26":4},"f":{"0":4,"1":0,"2":0,"3":0,"4":0,"5":2,"6":0,"7":0,"8":0},"b":{},"_coverageSchema":"1a1c01bbd47fc00a2c39e90264f33305004495a9","hash":"4eccb3f8687900d45630a8f2e2bcd04b0b818efc"}
,"/Users/austinbeyaoju/Documents/hackReactor/P2P/client/src/components/Context/types.js": {"path":"/Users/austinbeyaoju/Documents/hackReactor/P2P/client/src/components/Context/types.js","statementMap":{"0":{"start":{"line":1,"column":27},"end":{"line":1,"column":40}},"1":{"start":{"line":2,"column":26},"end":{"line":2,"column":38}},"2":{"start":{"line":3,"column":21},"end":{"line":3,"column":28}},"3":{"start":{"line":4,"column":28},"end":{"line":4,"column":42}},"4":{"start":{"line":5,"column":30},"end":{"line":5,"column":46}},"5":{"start":{"line":6,"column":34},"end":{"line":6,"column":54}},"6":{"start":{"line":7,"column":32},"end":{"line":7,"column":50}}},"fnMap":{},"branchMap":{},"s":{"0":1,"1":1,"2":1,"3":1,"4":1,"5":1,"6":1},"f":{},"b":{},"_coverageSchema":"1a1c01bbd47fc00a2c39e90264f33305004495a9","hash":"a0424a827f7e1c1a6f201b134eb55f9f1c8fceec"}
,"/Users/austinbeyaoju/Documents/hackReactor/P2P/client/src/components/OverviewComponents/AddToCart.jsx": {"path":"/Users/austinbeyaoju/Documents/hackReactor/P2P/client/src/components/OverviewComponents/AddToCart.jsx","statementMap":{"0":{"start":{"line":6,"column":26},"end":{"line":6,"column":38}},"1":{"start":{"line":7,"column":32},"end":{"line":7,"column":44}},"2":{"start":{"line":9,"column":27},"end":{"line":11,"column":3}},"3":{"start":{"line":10,"column":4},"end":{"line":10,"column":21}},"4":{"start":{"line":13,"column":22},"end":{"line":53,"column":3}},"5":{"start":{"line":14,"column":18},"end":{"line":14,"column":20}},"6":{"start":{"line":15,"column":26},"end":{"line":15,"column":39}},"7":{"start":{"line":17,"column":4},"end":{"line":35,"column":5}},"8":{"start":{"line":18,"column":6},"end":{"line":34,"column":7}},"9":{"start":{"line":19,"column":8},"end":{"line":33,"column":9}},"10":{"start":{"line":27,"column":72},"end":{"line":27,"column":94}},"11":{"start":{"line":37,"column":4},"end":{"line":43,"column":5}},"12":{"start":{"line":38,"column":6},"end":{"line":42,"column":7}},"13":{"start":{"line":47,"column":4},"end":{"line":52,"column":6}},"14":{"start":{"line":66,"column":23},"end":{"line":69,"column":3}},"15":{"start":{"line":67,"column":4},"end":{"line":67,"column":57}},"16":{"start":{"line":68,"column":4},"end":{"line":68,"column":27}},"17":{"start":{"line":71,"column":19},"end":{"line":77,"column":3}},"18":{"start":{"line":72,"column":4},"end":{"line":72,"column":23}},"19":{"start":{"line":73,"column":4},"end":{"line":73,"column":24}},"20":{"start":{"line":74,"column":4},"end":{"line":76,"column":37}},"21":{"start":{"line":75,"column":24},"end":{"line":75,"column":45}},"22":{"start":{"line":76,"column":20},"end":{"line":76,"column":36}},"23":{"start":{"line":79,"column":2},"end":{"line":87,"column":3}},"24":{"start":{"line":80,"column":50},"end":{"line":80,"column":61}}},"fnMap":{"0":{"name":"AddToCart","decl":{"start":{"line":4,"column":9},"end":{"line":4,"column":18}},"loc":{"start":{"line":4,"column":47},"end":{"line":88,"column":1}},"line":4},"1":{"name":"(anonymous_1)","decl":{"start":{"line":9,"column":27},"end":{"line":9,"column":28}},"loc":{"start":{"line":9,"column":37},"end":{"line":11,"column":3}},"line":9},"2":{"name":"(anonymous_2)","decl":{"start":{"line":13,"column":22},"end":{"line":13,"column":23}},"loc":{"start":{"line":13,"column":28},"end":{"line":53,"column":3}},"line":13},"3":{"name":"(anonymous_3)","decl":{"start":{"line":27,"column":66},"end":{"line":27,"column":67}},"loc":{"start":{"line":27,"column":72},"end":{"line":27,"column":94}},"line":27},"4":{"name":"(anonymous_4)","decl":{"start":{"line":66,"column":23},"end":{"line":66,"column":24}},"loc":{"start":{"line":66,"column":30},"end":{"line":69,"column":3}},"line":66},"5":{"name":"(anonymous_5)","decl":{"start":{"line":71,"column":19},"end":{"line":71,"column":20}},"loc":{"start":{"line":71,"column":26},"end":{"line":77,"column":3}},"line":71},"6":{"name":"(anonymous_6)","decl":{"start":{"line":75,"column":12},"end":{"line":75,"column":13}},"loc":{"start":{"line":75,"column":24},"end":{"line":75,"column":45}},"line":75},"7":{"name":"(anonymous_7)","decl":{"start":{"line":76,"column":13},"end":{"line":76,"column":14}},"loc":{"start":{"line":76,"column":20},"end":{"line":76,"column":36}},"line":76},"8":{"name":"(anonymous_8)","decl":{"start":{"line":80,"column":43},"end":{"line":80,"column":44}},"loc":{"start":{"line":80,"column":50},"end":{"line":80,"column":61}},"line":80}},"branchMap":{"0":{"loc":{"start":{"line":18,"column":6},"end":{"line":34,"column":7}},"type":"if","locations":[{"start":{"line":18,"column":6},"end":{"line":34,"column":7}},{"start":{},"end":{}}],"line":18},"1":{"loc":{"start":{"line":25,"column":26},"end":{"line":25,"column":72}},"type":"cond-expr","locations":[{"start":{"line":25,"column":45},"end":{"line":25,"column":63}},{"start":{"line":25,"column":66},"end":{"line":25,"column":72}}],"line":25},"2":{"loc":{"start":{"line":37,"column":4},"end":{"line":43,"column":5}},"type":"if","locations":[{"start":{"line":37,"column":4},"end":{"line":43,"column":5}},{"start":{},"end":{}}],"line":37},"3":{"loc":{"start":{"line":81,"column":9},"end":{"line":81,"column":54}},"type":"binary-expr","locations":[{"start":{"line":81,"column":9},"end":{"line":81,"column":37}},{"start":{"line":81,"column":41},"end":{"line":81,"column":54}}],"line":81}},"s":{"0":0,"1":0,"2":0,"3":0,"4":0,"5":0,"6":0,"7":0,"8":0,"9":0,"10":0,"11":0,"12":0,"13":0,"14":0,"15":0,"16":0,"17":0,"18":0,"19":0,"20":0,"21":0,"22":0,"23":0,"24":0},"f":{"0":0,"1":0,"2":0,"3":0,"4":0,"5":0,"6":0,"7":0,"8":0},"b":{"0":[0,0],"1":[0,0],"2":[0,0],"3":[0,0]},"_coverageSchema":"1a1c01bbd47fc00a2c39e90264f33305004495a9","hash":"da9ffc49a246cc7c349724a3281ce29f25a2ba75"}
,"/Users/austinbeyaoju/Documents/hackReactor/P2P/client/src/components/OverviewComponents/ImageGallery.jsx": {"path":"/Users/austinbeyaoju/Documents/hackReactor/P2P/client/src/components/OverviewComponents/ImageGallery.jsx","statementMap":{"0":{"start":{"line":8,"column":26},"end":{"line":8,"column":29}},"1":{"start":{"line":9,"column":19},"end":{"line":9,"column":22}},"2":{"start":{"line":10,"column":16},"end":{"line":10,"column":28}},"3":{"start":{"line":11,"column":21},"end":{"line":11,"column":33}},"4":{"start":{"line":12,"column":46},"end":{"line":12,"column":57}},"5":{"start":{"line":13,"column":17},"end":{"line":13,"column":71}},"6":{"start":{"line":15,"column":26},"end":{"line":15,"column":42}},"7":{"start":{"line":16,"column":43},"end":{"line":16,"column":59}},"8":{"start":{"line":17,"column":36},"end":{"line":17,"column":51}},"9":{"start":{"line":18,"column":38},"end":{"line":18,"column":52}},"10":{"start":{"line":20,"column":2},"end":{"line":26,"column":21}},"11":{"start":{"line":21,"column":4},"end":{"line":25,"column":5}},"12":{"start":{"line":22,"column":6},"end":{"line":24,"column":7}},"13":{"start":{"line":23,"column":8},"end":{"line":23,"column":29}},"14":{"start":{"line":29,"column":23},"end":{"line":35,"column":3}},"15":{"start":{"line":30,"column":17},"end":{"line":30,"column":32}},"16":{"start":{"line":31,"column":30},"end":{"line":31,"column":58}},"17":{"start":{"line":32,"column":4},"end":{"line":32,"column":29}},"18":{"start":{"line":33,"column":4},"end":{"line":33,"column":23}},"19":{"start":{"line":34,"column":4},"end":{"line":34,"column":32}},"20":{"start":{"line":37,"column":22},"end":{"line":44,"column":3}},"21":{"start":{"line":38,"column":17},"end":{"line":38,"column":32}},"22":{"start":{"line":39,"column":26},"end":{"line":39,"column":54}},"23":{"start":{"line":41,"column":14},"end":{"line":41,"column":49}},"24":{"start":{"line":42,"column":14},"end":{"line":42,"column":48}},"25":{"start":{"line":43,"column":4},"end":{"line":43,"column":18}},"26":{"start":{"line":46,"column":23},"end":{"line":48,"column":3}},"27":{"start":{"line":47,"column":4},"end":{"line":47,"column":24}},"28":{"start":{"line":52,"column":26},"end":{"line":74,"column":3}},"29":{"start":{"line":53,"column":4},"end":{"line":73,"column":5}},"30":{"start":{"line":54,"column":6},"end":{"line":72,"column":8}},"31":{"start":{"line":55,"column":8},"end":{"line":71,"column":9}},"32":{"start":{"line":64,"column":33},"end":{"line":64,"column":53}},"33":{"start":{"line":66,"column":86},"end":{"line":66,"column":99}},"34":{"start":{"line":67,"column":87},"end":{"line":67,"column":99}},"35":{"start":{"line":76,"column":27},"end":{"line":99,"column":3}},"36":{"start":{"line":77,"column":4},"end":{"line":98,"column":5}},"37":{"start":{"line":79,"column":6},"end":{"line":87,"column":7}},"38":{"start":{"line":80,"column":8},"end":{"line":84,"column":9}},"39":{"start":{"line":81,"column":10},"end":{"line":81,"column":84}},"40":{"start":{"line":83,"column":10},"end":{"line":83,"column":81}},"41":{"start":{"line":86,"column":8},"end":{"line":86,"column":40}},"42":{"start":{"line":88,"column":6},"end":{"line":97,"column":8}},"43":{"start":{"line":89,"column":8},"end":{"line":96,"column":9}},"44":{"start":{"line":94,"column":51},"end":{"line":94,"column":75}},"45":{"start":{"line":101,"column":20},"end":{"line":111,"column":3}},"46":{"start":{"line":102,"column":4},"end":{"line":110,"column":6}},"47":{"start":{"line":103,"column":6},"end":{"line":105,"column":7}},"48":{"start":{"line":104,"column":8},"end":{"line":104,"column":17}},"49":{"start":{"line":106,"column":6},"end":{"line":108,"column":7}},"50":{"start":{"line":107,"column":8},"end":{"line":107,"column":26}},"51":{"start":{"line":109,"column":6},"end":{"line":109,"column":35}},"52":{"start":{"line":113,"column":22},"end":{"line":175,"column":3}},"53":{"start":{"line":114,"column":4},"end":{"line":174,"column":5}},"54":{"start":{"line":115,"column":6},"end":{"line":173,"column":7}},"55":{"start":{"line":116,"column":8},"end":{"line":143,"column":9}},"56":{"start":{"line":117,"column":57},"end":{"line":117,"column":78}},"57":{"start":{"line":125,"column":31},"end":{"line":125,"column":52}},"58":{"start":{"line":145,"column":8},"end":{"line":172,"column":9}},"59":{"start":{"line":146,"column":57},"end":{"line":146,"column":78}},"60":{"start":{"line":154,"column":31},"end":{"line":154,"column":52}},"61":{"start":{"line":177,"column":2},"end":{"line":195,"column":3}}},"fnMap":{"0":{"name":"ImageGallery","decl":{"start":{"line":6,"column":9},"end":{"line":6,"column":21}},"loc":{"start":{"line":6,"column":41},"end":{"line":196,"column":1}},"line":6},"1":{"name":"(anonymous_1)","decl":{"start":{"line":20,"column":12},"end":{"line":20,"column":13}},"loc":{"start":{"line":20,"column":18},"end":{"line":26,"column":3}},"line":20},"2":{"name":"(anonymous_2)","decl":{"start":{"line":29,"column":23},"end":{"line":29,"column":24}},"loc":{"start":{"line":29,"column":30},"end":{"line":35,"column":3}},"line":29},"3":{"name":"(anonymous_3)","decl":{"start":{"line":37,"column":22},"end":{"line":37,"column":23}},"loc":{"start":{"line":37,"column":29},"end":{"line":44,"column":3}},"line":37},"4":{"name":"(anonymous_4)","decl":{"start":{"line":46,"column":23},"end":{"line":46,"column":24}},"loc":{"start":{"line":46,"column":30},"end":{"line":48,"column":3}},"line":46},"5":{"name":"(anonymous_5)","decl":{"start":{"line":52,"column":26},"end":{"line":52,"column":27}},"loc":{"start":{"line":52,"column":32},"end":{"line":74,"column":3}},"line":52},"6":{"name":"(anonymous_6)","decl":{"start":{"line":54,"column":38},"end":{"line":54,"column":39}},"loc":{"start":{"line":54,"column":56},"end":{"line":72,"column":7}},"line":54},"7":{"name":"(anonymous_7)","decl":{"start":{"line":64,"column":27},"end":{"line":64,"column":28}},"loc":{"start":{"line":64,"column":33},"end":{"line":64,"column":53}},"line":64},"8":{"name":"(anonymous_8)","decl":{"start":{"line":66,"column":80},"end":{"line":66,"column":81}},"loc":{"start":{"line":66,"column":86},"end":{"line":66,"column":99}},"line":66},"9":{"name":"(anonymous_9)","decl":{"start":{"line":67,"column":81},"end":{"line":67,"column":82}},"loc":{"start":{"line":67,"column":87},"end":{"line":67,"column":99}},"line":67},"10":{"name":"(anonymous_10)","decl":{"start":{"line":76,"column":27},"end":{"line":76,"column":28}},"loc":{"start":{"line":76,"column":33},"end":{"line":99,"column":3}},"line":76},"11":{"name":"(anonymous_11)","decl":{"start":{"line":88,"column":26},"end":{"line":88,"column":27}},"loc":{"start":{"line":88,"column":44},"end":{"line":97,"column":7}},"line":88},"12":{"name":"(anonymous_12)","decl":{"start":{"line":94,"column":45},"end":{"line":94,"column":46}},"loc":{"start":{"line":94,"column":51},"end":{"line":94,"column":75}},"line":94},"13":{"name":"(anonymous_13)","decl":{"start":{"line":101,"column":20},"end":{"line":101,"column":21}},"loc":{"start":{"line":101,"column":29},"end":{"line":111,"column":3}},"line":101},"14":{"name":"(anonymous_14)","decl":{"start":{"line":102,"column":22},"end":{"line":102,"column":23}},"loc":{"start":{"line":102,"column":42},"end":{"line":110,"column":5}},"line":102},"15":{"name":"(anonymous_15)","decl":{"start":{"line":113,"column":22},"end":{"line":113,"column":23}},"loc":{"start":{"line":113,"column":28},"end":{"line":175,"column":3}},"line":113},"16":{"name":"(anonymous_16)","decl":{"start":{"line":117,"column":51},"end":{"line":117,"column":52}},"loc":{"start":{"line":117,"column":57},"end":{"line":117,"column":78}},"line":117},"17":{"name":"(anonymous_17)","decl":{"start":{"line":125,"column":25},"end":{"line":125,"column":26}},"loc":{"start":{"line":125,"column":31},"end":{"line":125,"column":52}},"line":125},"18":{"name":"(anonymous_18)","decl":{"start":{"line":146,"column":51},"end":{"line":146,"column":52}},"loc":{"start":{"line":146,"column":57},"end":{"line":146,"column":78}},"line":146},"19":{"name":"(anonymous_19)","decl":{"start":{"line":154,"column":25},"end":{"line":154,"column":26}},"loc":{"start":{"line":154,"column":31},"end":{"line":154,"column":52}},"line":154}},"branchMap":{"0":{"loc":{"start":{"line":13,"column":17},"end":{"line":13,"column":71}},"type":"cond-expr","locations":[{"start":{"line":13,"column":40},"end":{"line":13,"column":67}},{"start":{"line":13,"column":70},"end":{"line":13,"column":71}}],"line":13},"1":{"loc":{"start":{"line":21,"column":4},"end":{"line":25,"column":5}},"type":"if","locations":[{"start":{"line":21,"column":4},"end":{"line":25,"column":5}},{"start":{},"end":{}}],"line":21},"2":{"loc":{"start":{"line":22,"column":6},"end":{"line":24,"column":7}},"type":"if","locations":[{"start":{"line":22,"column":6},"end":{"line":24,"column":7}},{"start":{},"end":{}}],"line":22},"3":{"loc":{"start":{"line":53,"column":4},"end":{"line":73,"column":5}},"type":"if","locations":[{"start":{"line":53,"column":4},"end":{"line":73,"column":5}},{"start":{},"end":{}}],"line":53},"4":{"loc":{"start":{"line":56,"column":26},"end":{"line":56,"column":77}},"type":"cond-expr","locations":[{"start":{"line":56,"column":53},"end":{"line":56,"column":67}},{"start":{"line":56,"column":70},"end":{"line":56,"column":77}}],"line":56},"5":{"loc":{"start":{"line":57,"column":13},"end":{"line":69,"column":13}},"type":"binary-expr","locations":[{"start":{"line":57,"column":13},"end":{"line":57,"column":37}},{"start":{"line":58,"column":14},"end":{"line":68,"column":17}}],"line":57},"6":{"loc":{"start":{"line":77,"column":4},"end":{"line":98,"column":5}},"type":"if","locations":[{"start":{"line":77,"column":4},"end":{"line":98,"column":5}},{"start":{},"end":{}}],"line":77},"7":{"loc":{"start":{"line":79,"column":6},"end":{"line":87,"column":7}},"type":"if","locations":[{"start":{"line":79,"column":6},"end":{"line":87,"column":7}},{"start":{"line":85,"column":13},"end":{"line":87,"column":7}}],"line":79},"8":{"loc":{"start":{"line":80,"column":8},"end":{"line":84,"column":9}},"type":"if","locations":[{"start":{"line":80,"column":8},"end":{"line":84,"column":9}},{"start":{"line":82,"column":15},"end":{"line":84,"column":9}}],"line":80},"9":{"loc":{"start":{"line":103,"column":6},"end":{"line":105,"column":7}},"type":"if","locations":[{"start":{"line":103,"column":6},"end":{"line":105,"column":7}},{"start":{},"end":{}}],"line":103},"10":{"loc":{"start":{"line":106,"column":6},"end":{"line":108,"column":7}},"type":"if","locations":[{"start":{"line":106,"column":6},"end":{"line":108,"column":7}},{"start":{},"end":{}}],"line":106},"11":{"loc":{"start":{"line":114,"column":4},"end":{"line":174,"column":5}},"type":"if","locations":[{"start":{"line":114,"column":4},"end":{"line":174,"column":5}},{"start":{},"end":{}}],"line":114},"12":{"loc":{"start":{"line":115,"column":6},"end":{"line":173,"column":7}},"type":"if","locations":[{"start":{"line":115,"column":6},"end":{"line":173,"column":7}},{"start":{"line":144,"column":13},"end":{"line":173,"column":7}}],"line":115},"13":{"loc":{"start":{"line":130,"column":27},"end":{"line":130,"column":50}},"type":"cond-expr","locations":[{"start":{"line":130,"column":39},"end":{"line":130,"column":41}},{"start":{"line":130,"column":44},"end":{"line":130,"column":50}}],"line":130},"14":{"loc":{"start":{"line":159,"column":27},"end":{"line":159,"column":50}},"type":"cond-expr","locations":[{"start":{"line":159,"column":39},"end":{"line":159,"column":41}},{"start":{"line":159,"column":44},"end":{"line":159,"column":50}}],"line":159}},"s":{"0":0,"1":0,"2":0,"3":0,"4":0,"5":0,"6":0,"7":0,"8":0,"9":0,"10":0,"11":0,"12":0,"13":0,"14":0,"15":0,"16":0,"17":0,"18":0,"19":0,"20":0,"21":0,"22":0,"23":0,"24":0,"25":0,"26":0,"27":0,"28":0,"29":0,"30":0,"31":0,"32":0,"33":0,"34":0,"35":0,"36":0,"37":0,"38":0,"39":0,"40":0,"41":0,"42":0,"43":0,"44":0,"45":0,"46":0,"47":0,"48":0,"49":0,"50":0,"51":0,"52":0,"53":0,"54":0,"55":0,"56":0,"57":0,"58":0,"59":0,"60":0,"61":0},"f":{"0":0,"1":0,"2":0,"3":0,"4":0,"5":0,"6":0,"7":0,"8":0,"9":0,"10":0,"11":0,"12":0,"13":0,"14":0,"15":0,"16":0,"17":0,"18":0,"19":0},"b":{"0":[0,0],"1":[0,0],"2":[0,0],"3":[0,0],"4":[0,0],"5":[0,0],"6":[0,0],"7":[0,0],"8":[0,0],"9":[0,0],"10":[0,0],"11":[0,0],"12":[0,0],"13":[0,0],"14":[0,0]},"_coverageSchema":"1a1c01bbd47fc00a2c39e90264f33305004495a9","hash":"57476712d8f6759e90c5dca467c13d2f474410e4"}
,"/Users/austinbeyaoju/Documents/hackReactor/P2P/client/src/components/OverviewComponents/Overview.jsx": {"path":"/Users/austinbeyaoju/Documents/hackReactor/P2P/client/src/components/OverviewComponents/Overview.jsx","statementMap":{"0":{"start":{"line":11,"column":25},"end":{"line":11,"column":51}},"1":{"start":{"line":12,"column":79},"end":{"line":12,"column":93}},"2":{"start":{"line":14,"column":2},"end":{"line":17,"column":17}},"3":{"start":{"line":15,"column":4},"end":{"line":15,"column":25}},"4":{"start":{"line":16,"column":4},"end":{"line":16,"column":26}},"5":{"start":{"line":19,"column":2},"end":{"line":29,"column":3}}},"fnMap":{"0":{"name":"Overview","decl":{"start":{"line":9,"column":9},"end":{"line":9,"column":17}},"loc":{"start":{"line":9,"column":20},"end":{"line":30,"column":1}},"line":9},"1":{"name":"(anonymous_1)","decl":{"start":{"line":14,"column":12},"end":{"line":14,"column":13}},"loc":{"start":{"line":14,"column":18},"end":{"line":17,"column":3}},"line":14}},"branchMap":{},"s":{"0":0,"1":0,"2":0,"3":0,"4":0,"5":0},"f":{"0":0,"1":0},"b":{},"_coverageSchema":"1a1c01bbd47fc00a2c39e90264f33305004495a9","hash":"a0e6f4cc1be057fb2b9a59d5d5753d88bf0534d8"}
,"/Users/austinbeyaoju/Documents/hackReactor/P2P/client/src/components/OverviewComponents/ProductHeader.jsx": {"path":"/Users/austinbeyaoju/Documents/hackReactor/P2P/client/src/components/OverviewComponents/ProductHeader.jsx","statementMap":{"0":{"start":{"line":8,"column":25},"end":{"line":8,"column":51}},"1":{"start":{"line":9,"column":34},"end":{"line":9,"column":48}},"2":{"start":{"line":12,"column":2},"end":{"line":14,"column":14}},"3":{"start":{"line":17,"column":4},"end":{"line":19,"column":5}},"4":{"start":{"line":18,"column":6},"end":{"line":18,"column":53}},"5":{"start":{"line":23,"column":4},"end":{"line":32,"column":5}},"6":{"start":{"line":24,"column":6},"end":{"line":29,"column":7}},"7":{"start":{"line":30,"column":11},"end":{"line":32,"column":5}},"8":{"start":{"line":31,"column":6},"end":{"line":31,"column":60}},"9":{"start":{"line":36,"column":4},"end":{"line":48,"column":5}},"10":{"start":{"line":37,"column":6},"end":{"line":45,"column":7}},"11":{"start":{"line":47,"column":6},"end":{"line":47,"column":34}},"12":{"start":{"line":51,"column":2},"end":{"line":55,"column":4}}},"fnMap":{"0":{"name":"ProductHeader","decl":{"start":{"line":6,"column":9},"end":{"line":6,"column":22}},"loc":{"start":{"line":6,"column":55},"end":{"line":56,"column":1}},"line":6},"1":{"name":"(anonymous_1)","decl":{"start":{"line":12,"column":12},"end":{"line":12,"column":13}},"loc":{"start":{"line":12,"column":18},"end":{"line":14,"column":3}},"line":12},"2":{"name":"renderProductOverView","decl":{"start":{"line":16,"column":11},"end":{"line":16,"column":32}},"loc":{"start":{"line":16,"column":35},"end":{"line":20,"column":3}},"line":16},"3":{"name":"renderSalePrice","decl":{"start":{"line":22,"column":11},"end":{"line":22,"column":26}},"loc":{"start":{"line":22,"column":29},"end":{"line":33,"column":3}},"line":22},"4":{"name":"renderInfo","decl":{"start":{"line":35,"column":11},"end":{"line":35,"column":21}},"loc":{"start":{"line":35,"column":24},"end":{"line":49,"column":3}},"line":35}},"branchMap":{"0":{"loc":{"start":{"line":17,"column":4},"end":{"line":19,"column":5}},"type":"if","locations":[{"start":{"line":17,"column":4},"end":{"line":19,"column":5}},{"start":{},"end":{}}],"line":17},"1":{"loc":{"start":{"line":23,"column":4},"end":{"line":32,"column":5}},"type":"if","locations":[{"start":{"line":23,"column":4},"end":{"line":32,"column":5}},{"start":{"line":30,"column":11},"end":{"line":32,"column":5}}],"line":23},"2":{"loc":{"start":{"line":30,"column":11},"end":{"line":32,"column":5}},"type":"if","locations":[{"start":{"line":30,"column":11},"end":{"line":32,"column":5}},{"start":{},"end":{}}],"line":30},"3":{"loc":{"start":{"line":36,"column":4},"end":{"line":48,"column":5}},"type":"if","locations":[{"start":{"line":36,"column":4},"end":{"line":48,"column":5}},{"start":{"line":46,"column":11},"end":{"line":48,"column":5}}],"line":36}},"s":{"0":0,"1":0,"2":0,"3":0,"4":0,"5":0,"6":0,"7":0,"8":0,"9":0,"10":0,"11":0,"12":0},"f":{"0":0,"1":0,"2":0,"3":0,"4":0},"b":{"0":[0,0],"1":[0,0],"2":[0,0],"3":[0,0]},"_coverageSchema":"1a1c01bbd47fc00a2c39e90264f33305004495a9","hash":"df5d23ce86ba264b7ca0d5df3a0caa8092c7e474"}
,"/Users/austinbeyaoju/Documents/hackReactor/P2P/client/src/components/OverviewComponents/ProductInfo.jsx": {"path":"/Users/austinbeyaoju/Documents/hackReactor/P2P/client/src/components/OverviewComponents/ProductInfo.jsx","statementMap":{"0":{"start":{"line":5,"column":2},"end":{"line":11,"column":3}}},"fnMap":{"0":{"name":"ProductInfo","decl":{"start":{"line":4,"column":9},"end":{"line":4,"column":20}},"loc":{"start":{"line":4,"column":38},"end":{"line":12,"column":1}},"line":4}},"branchMap":{},"s":{"0":0},"f":{"0":0},"b":{},"_coverageSchema":"1a1c01bbd47fc00a2c39e90264f33305004495a9","hash":"dca9eb2b6d468e9d990b792985d60077cd01a272"}
,"/Users/austinbeyaoju/Documents/hackReactor/P2P/client/src/components/OverviewComponents/SocialButtons.jsx": {"path":"/Users/austinbeyaoju/Documents/hackReactor/P2P/client/src/components/OverviewComponents/SocialButtons.jsx","statementMap":{"0":{"start":{"line":5,"column":2},"end":{"line":5,"column":21}},"1":{"start":{"line":6,"column":2},"end":{"line":10,"column":3}}},"fnMap":{"0":{"name":"SocialButtons","decl":{"start":{"line":4,"column":9},"end":{"line":4,"column":22}},"loc":{"start":{"line":4,"column":25},"end":{"line":11,"column":1}},"line":4}},"branchMap":{},"s":{"0":0,"1":0},"f":{"0":0},"b":{},"_coverageSchema":"1a1c01bbd47fc00a2c39e90264f33305004495a9","hash":"bdabd43e9a293f871fa20c3d2645e8a4e26c131c"}
,"/Users/austinbeyaoju/Documents/hackReactor/P2P/client/src/components/OverviewComponents/StyleSelector.jsx": {"path":"/Users/austinbeyaoju/Documents/hackReactor/P2P/client/src/components/OverviewComponents/StyleSelector.jsx","statementMap":{"0":{"start":{"line":10,"column":25},"end":{"line":10,"column":51}},"1":{"start":{"line":11,"column":110},"end":{"line":11,"column":124}},"2":{"start":{"line":13,"column":2},"end":{"line":16,"column":17}},"3":{"start":{"line":14,"column":4},"end":{"line":14,"column":16}},"4":{"start":{"line":15,"column":4},"end":{"line":15,"column":32}},"5":{"start":{"line":18,"column":29},"end":{"line":43,"column":3}},"6":{"start":{"line":19,"column":4},"end":{"line":42,"column":5}},"7":{"start":{"line":20,"column":6},"end":{"line":39,"column":8}},"8":{"start":{"line":21,"column":8},"end":{"line":38,"column":9}},"9":{"start":{"line":41,"column":6},"end":{"line":41,"column":32}},"10":{"start":{"line":45,"column":22},"end":{"line":54,"column":3}},"11":{"start":{"line":46,"column":4},"end":{"line":46,"column":23}},"12":{"start":{"line":48,"column":4},"end":{"line":52,"column":7}},"13":{"start":{"line":49,"column":6},"end":{"line":51,"column":7}},"14":{"start":{"line":50,"column":8},"end":{"line":50,"column":30}},"15":{"start":{"line":53,"column":4},"end":{"line":53,"column":31}},"16":{"start":{"line":56,"column":2},"end":{"line":69,"column":4}}},"fnMap":{"0":{"name":"StyleSelector","decl":{"start":{"line":8,"column":9},"end":{"line":8,"column":22}},"loc":{"start":{"line":8,"column":25},"end":{"line":70,"column":1}},"line":8},"1":{"name":"(anonymous_1)","decl":{"start":{"line":13,"column":12},"end":{"line":13,"column":13}},"loc":{"start":{"line":13,"column":18},"end":{"line":16,"column":3}},"line":13},"2":{"name":"(anonymous_2)","decl":{"start":{"line":18,"column":29},"end":{"line":18,"column":30}},"loc":{"start":{"line":18,"column":35},"end":{"line":43,"column":3}},"line":18},"3":{"name":"(anonymous_3)","decl":{"start":{"line":20,"column":31},"end":{"line":20,"column":32}},"loc":{"start":{"line":20,"column":49},"end":{"line":39,"column":7}},"line":20},"4":{"name":"(anonymous_4)","decl":{"start":{"line":45,"column":22},"end":{"line":45,"column":23}},"loc":{"start":{"line":45,"column":29},"end":{"line":54,"column":3}},"line":45},"5":{"name":"(anonymous_5)","decl":{"start":{"line":48,"column":26},"end":{"line":48,"column":27}},"loc":{"start":{"line":48,"column":35},"end":{"line":52,"column":5}},"line":48}},"branchMap":{"0":{"loc":{"start":{"line":19,"column":4},"end":{"line":42,"column":5}},"type":"if","locations":[{"start":{"line":19,"column":4},"end":{"line":42,"column":5}},{"start":{"line":40,"column":11},"end":{"line":42,"column":5}}],"line":19},"1":{"loc":{"start":{"line":30,"column":25},"end":{"line":30,"column":100}},"type":"cond-expr","locations":[{"start":{"line":30,"column":62},"end":{"line":30,"column":83}},{"start":{"line":30,"column":86},"end":{"line":30,"column":100}}],"line":30},"2":{"loc":{"start":{"line":49,"column":6},"end":{"line":51,"column":7}},"type":"if","locations":[{"start":{"line":49,"column":6},"end":{"line":51,"column":7}},{"start":{},"end":{}}],"line":49}},"s":{"0":0,"1":0,"2":0,"3":0,"4":0,"5":0,"6":0,"7":0,"8":0,"9":0,"10":0,"11":0,"12":0,"13":0,"14":0,"15":0,"16":0},"f":{"0":0,"1":0,"2":0,"3":0,"4":0,"5":0},"b":{"0":[0,0],"1":[0,0],"2":[0,0]},"_coverageSchema":"1a1c01bbd47fc00a2c39e90264f33305004495a9","hash":"7195c01e48dccbe4fee9bc19d58d811fa552ebe0"}
,"/Users/austinbeyaoju/Documents/hackReactor/P2P/client/src/components/QAComponents/Answer.jsx": {"path":"/Users/austinbeyaoju/Documents/hackReactor/P2P/client/src/components/QAComponents/Answer.jsx","statementMap":{"0":{"start":{"line":2,"column":13},"end":{"line":18,"column":1}},"1":{"start":{"line":4,"column":2},"end":{"line":17,"column":3}}},"fnMap":{"0":{"name":"(anonymous_0)","decl":{"start":{"line":2,"column":13},"end":{"line":2,"column":14}},"loc":{"start":{"line":2,"column":24},"end":{"line":18,"column":1}},"line":2}},"branchMap":{},"s":{"0":1,"1":0},"f":{"0":0},"b":{},"_coverageSchema":"1a1c01bbd47fc00a2c39e90264f33305004495a9","hash":"4d01ad669be1dcf43518b5dadf506817d9c087bd"}
,"/Users/austinbeyaoju/Documents/hackReactor/P2P/client/src/components/QAComponents/QA.jsx": {"path":"/Users/austinbeyaoju/Documents/hackReactor/P2P/client/src/components/QAComponents/QA.jsx","statementMap":{"0":{"start":{"line":16,"column":4},"end":{"line":16,"column":17}},"1":{"start":{"line":18,"column":4},"end":{"line":23,"column":5}},"2":{"start":{"line":25,"column":4},"end":{"line":25,"column":55}},"3":{"start":{"line":26,"column":4},"end":{"line":26,"column":59}},"4":{"start":{"line":32,"column":4},"end":{"line":32,"column":34}},"5":{"start":{"line":33,"column":4},"end":{"line":33,"column":60}},"6":{"start":{"line":34,"column":4},"end":{"line":34,"column":23}},"7":{"start":{"line":35,"column":4},"end":{"line":37,"column":7}},"8":{"start":{"line":41,"column":4},"end":{"line":41,"column":27}},"9":{"start":{"line":45,"column":4},"end":{"line":51,"column":46}},"10":{"start":{"line":47,"column":8},"end":{"line":49,"column":11}},"11":{"start":{"line":51,"column":21},"end":{"line":51,"column":42}},"12":{"start":{"line":57,"column":2},"end":{"line":82,"column":3}}},"fnMap":{"0":{"name":"(anonymous_0)","decl":{"start":{"line":15,"column":2},"end":{"line":15,"column":3}},"loc":{"start":{"line":15,"column":21},"end":{"line":27,"column":3}},"line":15},"1":{"name":"(anonymous_1)","decl":{"start":{"line":31,"column":2},"end":{"line":31,"column":3}},"loc":{"start":{"line":31,"column":19},"end":{"line":38,"column":3}},"line":31},"2":{"name":"(anonymous_2)","decl":{"start":{"line":40,"column":2},"end":{"line":40,"column":3}},"loc":{"start":{"line":40,"column":22},"end":{"line":42,"column":3}},"line":40},"3":{"name":"(anonymous_3)","decl":{"start":{"line":44,"column":2},"end":{"line":44,"column":3}},"loc":{"start":{"line":44,"column":20},"end":{"line":52,"column":3}},"line":44},"4":{"name":"(anonymous_4)","decl":{"start":{"line":46,"column":12},"end":{"line":46,"column":13}},"loc":{"start":{"line":46,"column":26},"end":{"line":50,"column":7}},"line":46},"5":{"name":"(anonymous_5)","decl":{"start":{"line":51,"column":13},"end":{"line":51,"column":14}},"loc":{"start":{"line":51,"column":19},"end":{"line":51,"column":44}},"line":51},"6":{"name":"(anonymous_6)","decl":{"start":{"line":56,"column":0},"end":{"line":56,"column":1}},"loc":{"start":{"line":56,"column":10},"end":{"line":83,"column":1}},"line":56}},"branchMap":{},"s":{"0":0,"1":0,"2":0,"3":0,"4":0,"5":0,"6":0,"7":0,"8":0,"9":0,"10":0,"11":0,"12":0},"f":{"0":0,"1":0,"2":0,"3":0,"4":0,"5":0,"6":0},"b":{},"_coverageSchema":"1a1c01bbd47fc00a2c39e90264f33305004495a9","hash":"4dff6ddce35db46980aafb1513411cada63e86af"}
,"/Users/austinbeyaoju/Documents/hackReactor/P2P/client/src/components/QAComponents/QAList.jsx": {"path":"/Users/austinbeyaoju/Documents/hackReactor/P2P/client/src/components/QAComponents/QAList.jsx","statementMap":{"0":{"start":{"line":4,"column":15},"end":{"line":15,"column":1}},"1":{"start":{"line":5,"column":19},"end":{"line":5,"column":49}},"2":{"start":{"line":7,"column":2},"end":{"line":14,"column":1}},"3":{"start":{"line":11,"column":4},"end":{"line":11,"column":125}}},"fnMap":{"0":{"name":"(anonymous_0)","decl":{"start":{"line":4,"column":15},"end":{"line":4,"column":16}},"loc":{"start":{"line":4,"column":26},"end":{"line":15,"column":1}},"line":4},"1":{"name":"(anonymous_1)","decl":{"start":{"line":9,"column":18},"end":{"line":9,"column":19}},"loc":{"start":{"line":9,"column":39},"end":{"line":12,"column":3}},"line":9}},"branchMap":{},"s":{"0":1,"1":0,"2":0,"3":0},"f":{"0":0,"1":0},"b":{},"_coverageSchema":"1a1c01bbd47fc00a2c39e90264f33305004495a9","hash":"84607dc222417be3045e0ba9a9c3468903300486"}
,"/Users/austinbeyaoju/Documents/hackReactor/P2P/client/src/components/QAComponents/QAListEntry.jsx": {"path":"/Users/austinbeyaoju/Documents/hackReactor/P2P/client/src/components/QAComponents/QAListEntry.jsx","statementMap":{"0":{"start":{"line":14,"column":4},"end":{"line":14,"column":17}},"1":{"start":{"line":16,"column":4},"end":{"line":19,"column":5}},"2":{"start":{"line":20,"column":4},"end":{"line":20,"column":80}},"3":{"start":{"line":28,"column":2},"end":{"line":28,"column":47}},"4":{"start":{"line":29,"column":2},"end":{"line":29,"column":59}},"5":{"start":{"line":30,"column":26},"end":{"line":30,"column":45}},"6":{"start":{"line":31,"column":2},"end":{"line":47,"column":4}},"7":{"start":{"line":35,"column":4},"end":{"line":35,"column":33}},"8":{"start":{"line":38,"column":4},"end":{"line":40,"column":6}},"9":{"start":{"line":43,"column":4},"end":{"line":43,"column":26}},"10":{"start":{"line":46,"column":4},"end":{"line":46,"column":23}},"11":{"start":{"line":53,"column":16},"end":{"line":53,"column":18}},"12":{"start":{"line":54,"column":2},"end":{"line":56,"column":3}},"13":{"start":{"line":55,"column":4},"end":{"line":55,"column":54}},"14":{"start":{"line":60,"column":2},"end":{"line":82,"column":4}},"15":{"start":{"line":78,"column":6},"end":{"line":78,"column":50}}},"fnMap":{"0":{"name":"(anonymous_0)","decl":{"start":{"line":13,"column":2},"end":{"line":13,"column":3}},"loc":{"start":{"line":13,"column":21},"end":{"line":21,"column":3}},"line":13},"1":{"name":"(anonymous_1)","decl":{"start":{"line":27,"column":0},"end":{"line":27,"column":1}},"loc":{"start":{"line":27,"column":31},"end":{"line":48,"column":1}},"line":27},"2":{"name":"(anonymous_2)","decl":{"start":{"line":34,"column":8},"end":{"line":34,"column":9}},"loc":{"start":{"line":34,"column":20},"end":{"line":36,"column":3}},"line":34},"3":{"name":"(anonymous_3)","decl":{"start":{"line":37,"column":8},"end":{"line":37,"column":9}},"loc":{"start":{"line":37,"column":20},"end":{"line":41,"column":3}},"line":37},"4":{"name":"(anonymous_4)","decl":{"start":{"line":42,"column":8},"end":{"line":42,"column":9}},"loc":{"start":{"line":42,"column":20},"end":{"line":44,"column":3}},"line":42},"5":{"name":"(anonymous_5)","decl":{"start":{"line":45,"column":9},"end":{"line":45,"column":10}},"loc":{"start":{"line":45,"column":16},"end":{"line":47,"column":3}},"line":45},"6":{"name":"(anonymous_6)","decl":{"start":{"line":52,"column":0},"end":{"line":52,"column":1}},"loc":{"start":{"line":52,"column":9},"end":{"line":83,"column":1}},"line":52},"7":{"name":"(anonymous_7)","decl":{"start":{"line":77,"column":17},"end":{"line":77,"column":18}},"loc":{"start":{"line":77,"column":36},"end":{"line":79,"column":5}},"line":77}},"branchMap":{},"s":{"0":0,"1":0,"2":0,"3":0,"4":0,"5":0,"6":0,"7":0,"8":0,"9":0,"10":0,"11":0,"12":0,"13":0,"14":0,"15":0},"f":{"0":0,"1":0,"2":0,"3":0,"4":0,"5":0,"6":0,"7":0},"b":{},"_coverageSchema":"1a1c01bbd47fc00a2c39e90264f33305004495a9","hash":"2dc3e75d452c395a6a6399b457b15c78b405d6ac"}
,"/Users/austinbeyaoju/Documents/hackReactor/P2P/client/src/components/QAComponents/dummyQAdata.js": {"path":"/Users/austinbeyaoju/Documents/hackReactor/P2P/client/src/components/QAComponents/dummyQAdata.js","statementMap":{"0":{"start":{"line":3,"column":11},"end":{"line":53,"column":1}}},"fnMap":{},"branchMap":{},"s":{"0":1},"f":{},"b":{},"_coverageSchema":"1a1c01bbd47fc00a2c39e90264f33305004495a9","hash":"5c79be19a35f21c8965fbb9a944d43541aeb354c"}
,"/Users/austinbeyaoju/Documents/hackReactor/P2P/client/src/components/RelatedProductsComponent/RelatedProducts.jsx": {"path":"/Users/austinbeyaoju/Documents/hackReactor/P2P/client/src/components/RelatedProductsComponent/RelatedProducts.jsx","statementMap":{"0":{"start":{"line":9,"column":4},"end":{"line":9,"column":17}},"1":{"start":{"line":10,"column":4},"end":{"line":15,"column":6}},"2":{"start":{"line":20,"column":4},"end":{"line":46,"column":35}},"3":{"start":{"line":22,"column":6},"end":{"line":22,"column":47}},"4":{"start":{"line":25,"column":23},"end":{"line":27,"column":7}},"5":{"start":{"line":26,"column":8},"end":{"line":26,"column":31}},"6":{"start":{"line":28,"column":6},"end":{"line":33,"column":8}},"7":{"start":{"line":30,"column":8},"end":{"line":32,"column":10}},"8":{"start":{"line":31,"column":10},"end":{"line":31,"column":85}},"9":{"start":{"line":36,"column":23},"end":{"line":38,"column":7}},"10":{"start":{"line":37,"column":8},"end":{"line":37,"column":43}},"11":{"start":{"line":39,"column":6},"end":{"line":44,"column":8}},"12":{"start":{"line":41,"column":8},"end":{"line":43,"column":10}},"13":{"start":{"line":42,"column":10},"end":{"line":42,"column":116}},"14":{"start":{"line":46,"column":18},"end":{"line":46,"column":34}},"15":{"start":{"line":52,"column":30},"end":{"line":52,"column":40}},"16":{"start":{"line":53,"column":4},"end":{"line":73,"column":5}},"17":{"start":{"line":58,"column":10},"end":{"line":69,"column":16}}},"fnMap":{"0":{"name":"(anonymous_0)","decl":{"start":{"line":8,"column":2},"end":{"line":8,"column":3}},"loc":{"start":{"line":8,"column":21},"end":{"line":17,"column":3}},"line":8},"1":{"name":"(anonymous_1)","decl":{"start":{"line":19,"column":2},"end":{"line":19,"column":3}},"loc":{"start":{"line":19,"column":22},"end":{"line":49,"column":3}},"line":19},"2":{"name":"(anonymous_2)","decl":{"start":{"line":21,"column":10},"end":{"line":21,"column":11}},"loc":{"start":{"line":21,"column":17},"end":{"line":23,"column":5}},"line":21},"3":{"name":"(anonymous_3)","decl":{"start":{"line":24,"column":10},"end":{"line":24,"column":11}},"loc":{"start":{"line":24,"column":16},"end":{"line":34,"column":5}},"line":24},"4":{"name":"(anonymous_4)","decl":{"start":{"line":25,"column":53},"end":{"line":25,"column":54}},"loc":{"start":{"line":26,"column":8},"end":{"line":26,"column":31}},"line":26},"5":{"name":"(anonymous_5)","decl":{"start":{"line":29,"column":12},"end":{"line":29,"column":13}},"loc":{"start":{"line":29,"column":22},"end":{"line":33,"column":7}},"line":29},"6":{"name":"(anonymous_6)","decl":{"start":{"line":30,"column":23},"end":{"line":30,"column":24}},"loc":{"start":{"line":30,"column":30},"end":{"line":32,"column":9}},"line":30},"7":{"name":"(anonymous_7)","decl":{"start":{"line":35,"column":10},"end":{"line":35,"column":11}},"loc":{"start":{"line":35,"column":16},"end":{"line":45,"column":5}},"line":35},"8":{"name":"(anonymous_8)","decl":{"start":{"line":36,"column":53},"end":{"line":36,"column":54}},"loc":{"start":{"line":37,"column":8},"end":{"line":37,"column":43}},"line":37},"9":{"name":"(anonymous_9)","decl":{"start":{"line":40,"column":12},"end":{"line":40,"column":13}},"loc":{"start":{"line":40,"column":22},"end":{"line":44,"column":7}},"line":40},"10":{"name":"(anonymous_10)","decl":{"start":{"line":41,"column":23},"end":{"line":41,"column":24}},"loc":{"start":{"line":41,"column":30},"end":{"line":43,"column":9}},"line":41},"11":{"name":"(anonymous_11)","decl":{"start":{"line":46,"column":11},"end":{"line":46,"column":12}},"loc":{"start":{"line":46,"column":18},"end":{"line":46,"column":34}},"line":46},"12":{"name":"(anonymous_12)","decl":{"start":{"line":51,"column":2},"end":{"line":51,"column":3}},"loc":{"start":{"line":51,"column":11},"end":{"line":74,"column":3}},"line":51},"13":{"name":"(anonymous_13)","decl":{"start":{"line":57,"column":29},"end":{"line":57,"column":30}},"loc":{"start":{"line":58,"column":10},"end":{"line":69,"column":16}},"line":58}},"branchMap":{},"s":{"0":0,"1":0,"2":0,"3":0,"4":0,"5":0,"6":0,"7":0,"8":0,"9":0,"10":0,"11":0,"12":0,"13":0,"14":0,"15":0,"16":0,"17":0},"f":{"0":0,"1":0,"2":0,"3":0,"4":0,"5":0,"6":0,"7":0,"8":0,"9":0,"10":0,"11":0,"12":0,"13":0},"b":{},"_coverageSchema":"1a1c01bbd47fc00a2c39e90264f33305004495a9","hash":"bba8b120b9dadaa7d6213989597ce8166763ecb9"}
,"/Users/austinbeyaoju/Documents/hackReactor/P2P/client/src/components/RelatedProductsComponent/RelatedProductsAndOutfit.jsx": {"path":"/Users/austinbeyaoju/Documents/hackReactor/P2P/client/src/components/RelatedProductsComponent/RelatedProductsAndOutfit.jsx","statementMap":{"0":{"start":{"line":7,"column":4},"end":{"line":7,"column":17}},"1":{"start":{"line":8,"column":4},"end":{"line":10,"column":6}},"2":{"start":{"line":15,"column":4},"end":{"line":20,"column":5}}},"fnMap":{"0":{"name":"(anonymous_0)","decl":{"start":{"line":6,"column":2},"end":{"line":6,"column":3}},"loc":{"start":{"line":6,"column":21},"end":{"line":12,"column":3}},"line":6},"1":{"name":"(anonymous_1)","decl":{"start":{"line":14,"column":2},"end":{"line":14,"column":3}},"loc":{"start":{"line":14,"column":11},"end":{"line":21,"column":3}},"line":14}},"branchMap":{},"s":{"0":0,"1":0,"2":0},"f":{"0":0,"1":0},"b":{},"_coverageSchema":"1a1c01bbd47fc00a2c39e90264f33305004495a9","hash":"3d5e6fc9753f6794e14d30e37a45fec5a1e2d2c2"}
,"/Users/austinbeyaoju/Documents/hackReactor/P2P/client/src/components/RelatedProductsComponent/YourOutfit.jsx": {"path":"/Users/austinbeyaoju/Documents/hackReactor/P2P/client/src/components/RelatedProductsComponent/YourOutfit.jsx","statementMap":{"0":{"start":{"line":10,"column":4},"end":{"line":10,"column":17}},"1":{"start":{"line":11,"column":4},"end":{"line":16,"column":6}},"2":{"start":{"line":18,"column":4},"end":{"line":18,"column":47}},"3":{"start":{"line":19,"column":4},"end":{"line":19,"column":53}},"4":{"start":{"line":24,"column":4},"end":{"line":41,"column":7}},"5":{"start":{"line":25,"column":21},"end":{"line":27,"column":5}},"6":{"start":{"line":26,"column":6},"end":{"line":26,"column":62}},"7":{"start":{"line":28,"column":4},"end":{"line":40,"column":6}},"8":{"start":{"line":30,"column":6},"end":{"line":30,"column":39}},"9":{"start":{"line":33,"column":23},"end":{"line":35,"column":7}},"10":{"start":{"line":34,"column":8},"end":{"line":34,"column":52}},"11":{"start":{"line":36,"column":6},"end":{"line":39,"column":8}},"12":{"start":{"line":38,"column":8},"end":{"line":38,"column":49}},"13":{"start":{"line":45,"column":28},"end":{"line":45,"column":60}},"14":{"start":{"line":46,"column":4},"end":{"line":46,"column":53}},"15":{"start":{"line":48,"column":4},"end":{"line":48,"column":49}},"16":{"start":{"line":52,"column":28},"end":{"line":52,"column":60}},"17":{"start":{"line":53,"column":4},"end":{"line":53,"column":36}},"18":{"start":{"line":55,"column":4},"end":{"line":55,"column":49}},"19":{"start":{"line":59,"column":37},"end":{"line":59,"column":47}},"20":{"start":{"line":61,"column":4},"end":{"line":91,"column":5}},"21":{"start":{"line":65,"column":43},"end":{"line":86,"column":18}},"22":{"start":{"line":69,"column":57},"end":{"line":69,"column":74}},"23":{"start":{"line":78,"column":94},"end":{"line":78,"column":114}}},"fnMap":{"0":{"name":"(anonymous_0)","decl":{"start":{"line":9,"column":2},"end":{"line":9,"column":3}},"loc":{"start":{"line":9,"column":21},"end":{"line":20,"column":3}},"line":9},"1":{"name":"(anonymous_1)","decl":{"start":{"line":23,"column":2},"end":{"line":23,"column":3}},"loc":{"start":{"line":23,"column":42},"end":{"line":42,"column":3}},"line":23},"2":{"name":"(anonymous_2)","decl":{"start":{"line":24,"column":56},"end":{"line":24,"column":57}},"loc":{"start":{"line":24,"column":62},"end":{"line":41,"column":5}},"line":24},"3":{"name":"(anonymous_3)","decl":{"start":{"line":25,"column":50},"end":{"line":25,"column":51}},"loc":{"start":{"line":26,"column":6},"end":{"line":26,"column":62}},"line":26},"4":{"name":"(anonymous_4)","decl":{"start":{"line":29,"column":10},"end":{"line":29,"column":11}},"loc":{"start":{"line":29,"column":20},"end":{"line":31,"column":5}},"line":29},"5":{"name":"(anonymous_5)","decl":{"start":{"line":32,"column":10},"end":{"line":32,"column":11}},"loc":{"start":{"line":32,"column":16},"end":{"line":40,"column":5}},"line":32},"6":{"name":"(anonymous_6)","decl":{"start":{"line":33,"column":52},"end":{"line":33,"column":53}},"loc":{"start":{"line":34,"column":8},"end":{"line":34,"column":52}},"line":34},"7":{"name":"(anonymous_7)","decl":{"start":{"line":37,"column":12},"end":{"line":37,"column":13}},"loc":{"start":{"line":37,"column":22},"end":{"line":39,"column":7}},"line":37},"8":{"name":"(anonymous_8)","decl":{"start":{"line":44,"column":2},"end":{"line":44,"column":3}},"loc":{"start":{"line":44,"column":19},"end":{"line":49,"column":3}},"line":44},"9":{"name":"(anonymous_9)","decl":{"start":{"line":51,"column":2},"end":{"line":51,"column":3}},"loc":{"start":{"line":51,"column":22},"end":{"line":56,"column":3}},"line":51},"10":{"name":"(anonymous_10)","decl":{"start":{"line":58,"column":2},"end":{"line":58,"column":3}},"loc":{"start":{"line":58,"column":11},"end":{"line":92,"column":3}},"line":58},"11":{"name":"(anonymous_11)","decl":{"start":{"line":65,"column":30},"end":{"line":65,"column":31}},"loc":{"start":{"line":65,"column":43},"end":{"line":86,"column":18}},"line":65},"12":{"name":"(anonymous_12)","decl":{"start":{"line":69,"column":51},"end":{"line":69,"column":52}},"loc":{"start":{"line":69,"column":57},"end":{"line":69,"column":74}},"line":69},"13":{"name":"(anonymous_13)","decl":{"start":{"line":78,"column":88},"end":{"line":78,"column":89}},"loc":{"start":{"line":78,"column":94},"end":{"line":78,"column":114}},"line":78}},"branchMap":{"0":{"loc":{"start":{"line":26,"column":6},"end":{"line":26,"column":62}},"type":"cond-expr","locations":[{"start":{"line":26,"column":20},"end":{"line":26,"column":24}},{"start":{"line":26,"column":27},"end":{"line":26,"column":62}}],"line":26},"1":{"loc":{"start":{"line":34,"column":8},"end":{"line":34,"column":52}},"type":"cond-expr","locations":[{"start":{"line":34,"column":22},"end":{"line":34,"column":26}},{"start":{"line":34,"column":29},"end":{"line":34,"column":52}}],"line":34},"2":{"loc":{"start":{"line":65,"column":43},"end":{"line":86,"column":18}},"type":"cond-expr","locations":[{"start":{"line":67,"column":12},"end":{"line":72,"column":18}},{"start":{"line":75,"column":12},"end":{"line":86,"column":18}}],"line":65},"3":{"loc":{"start":{"line":77,"column":26},"end":{"line":77,"column":94}},"type":"cond-expr","locations":[{"start":{"line":77,"column":38},"end":{"line":77,"column":87}},{"start":{"line":77,"column":90},"end":{"line":77,"column":94}}],"line":77}},"s":{"0":0,"1":0,"2":0,"3":0,"4":0,"5":0,"6":0,"7":0,"8":0,"9":0,"10":0,"11":0,"12":0,"13":0,"14":0,"15":0,"16":0,"17":0,"18":0,"19":0,"20":0,"21":0,"22":0,"23":0},"f":{"0":0,"1":0,"2":0,"3":0,"4":0,"5":0,"6":0,"7":0,"8":0,"9":0,"10":0,"11":0,"12":0,"13":0},"b":{"0":[0,0],"1":[0,0],"2":[0,0],"3":[0,0]},"_coverageSchema":"1a1c01bbd47fc00a2c39e90264f33305004495a9","hash":"903c6118c260ce29b9a4c214f9d04e8768b075e4"}
,"/Users/austinbeyaoju/Documents/hackReactor/P2P/client/src/components/ReviewComponent/ReviewSection.jsx": {"path":"/Users/austinbeyaoju/Documents/hackReactor/P2P/client/src/components/ReviewComponent/ReviewSection.jsx","statementMap":{"0":{"start":{"line":8,"column":22},"end":{"line":65,"column":1}},"1":{"start":{"line":9,"column":32},"end":{"line":9,"column":44}},"2":{"start":{"line":10,"column":26},"end":{"line":10,"column":38}},"3":{"start":{"line":11,"column":26},"end":{"line":11,"column":37}},"4":{"start":{"line":13,"column":25},"end":{"line":13,"column":51}},"5":{"start":{"line":14,"column":46},"end":{"line":14,"column":60}},"6":{"start":{"line":18,"column":4},"end":{"line":23,"column":36}},"7":{"start":{"line":22,"column":18},"end":{"line":22,"column":39}},"8":{"start":{"line":23,"column":18},"end":{"line":23,"column":34}},"9":{"start":{"line":27,"column":4},"end":{"line":32,"column":36}},"10":{"start":{"line":31,"column":17},"end":{"line":31,"column":35}},"11":{"start":{"line":32,"column":18},"end":{"line":32,"column":34}},"12":{"start":{"line":36,"column":4},"end":{"line":36,"column":17}},"13":{"start":{"line":40,"column":2},"end":{"line":42,"column":12}},"14":{"start":{"line":41,"column":4},"end":{"line":41,"column":21}},"15":{"start":{"line":45,"column":2},"end":{"line":49,"column":17}},"16":{"start":{"line":46,"column":4},"end":{"line":46,"column":21}},"17":{"start":{"line":47,"column":4},"end":{"line":47,"column":18}},"18":{"start":{"line":48,"column":4},"end":{"line":48,"column":23}},"19":{"start":{"line":51,"column":2},"end":{"line":64,"column":3}}},"fnMap":{"0":{"name":"(anonymous_0)","decl":{"start":{"line":8,"column":22},"end":{"line":8,"column":23}},"loc":{"start":{"line":8,"column":33},"end":{"line":65,"column":1}},"line":8},"1":{"name":"getReviews","decl":{"start":{"line":17,"column":11},"end":{"line":17,"column":21}},"loc":{"start":{"line":17,"column":33},"end":{"line":24,"column":3}},"line":17},"2":{"name":"(anonymous_2)","decl":{"start":{"line":22,"column":10},"end":{"line":22,"column":11}},"loc":{"start":{"line":22,"column":18},"end":{"line":22,"column":39}},"line":22},"3":{"name":"(anonymous_3)","decl":{"start":{"line":23,"column":11},"end":{"line":23,"column":12}},"loc":{"start":{"line":23,"column":18},"end":{"line":23,"column":34}},"line":23},"4":{"name":"getMetaData","decl":{"start":{"line":26,"column":11},"end":{"line":26,"column":22}},"loc":{"start":{"line":26,"column":25},"end":{"line":33,"column":3}},"line":26},"5":{"name":"(anonymous_5)","decl":{"start":{"line":31,"column":9},"end":{"line":31,"column":10}},"loc":{"start":{"line":31,"column":17},"end":{"line":31,"column":35}},"line":31},"6":{"name":"(anonymous_6)","decl":{"start":{"line":32,"column":11},"end":{"line":32,"column":12}},"loc":{"start":{"line":32,"column":18},"end":{"line":32,"column":34}},"line":32},"7":{"name":"sortedByOnChangeHandler","decl":{"start":{"line":35,"column":11},"end":{"line":35,"column":34}},"loc":{"start":{"line":35,"column":41},"end":{"line":37,"column":3}},"line":35},"8":{"name":"(anonymous_8)","decl":{"start":{"line":40,"column":12},"end":{"line":40,"column":13}},"loc":{"start":{"line":40,"column":18},"end":{"line":42,"column":3}},"line":40},"9":{"name":"(anonymous_9)","decl":{"start":{"line":45,"column":12},"end":{"line":45,"column":13}},"loc":{"start":{"line":45,"column":18},"end":{"line":49,"column":3}},"line":45}},"branchMap":{"0":{"loc":{"start":{"line":17,"column":22},"end":{"line":17,"column":31}},"type":"default-arg","locations":[{"start":{"line":17,"column":28},"end":{"line":17,"column":31}}],"line":17}},"s":{"0":1,"1":0,"2":0,"3":0,"4":0,"5":0,"6":0,"7":0,"8":0,"9":0,"10":0,"11":0,"12":0,"13":0,"14":0,"15":0,"16":0,"17":0,"18":0,"19":0},"f":{"0":0,"1":0,"2":0,"3":0,"4":0,"5":0,"6":0,"7":0,"8":0,"9":0},"b":{"0":[0]},"_coverageSchema":"1a1c01bbd47fc00a2c39e90264f33305004495a9","hash":"5a918a1ea91a7459d774431373c4a552149936b7"}
,"/Users/austinbeyaoju/Documents/hackReactor/P2P/client/src/components/ReviewComponent/Ratings/DescriptorBar.jsx": {"path":"/Users/austinbeyaoju/Documents/hackReactor/P2P/client/src/components/ReviewComponent/Ratings/DescriptorBar.jsx","statementMap":{"0":{"start":{"line":5,"column":22},"end":{"line":38,"column":1}},"1":{"start":{"line":6,"column":18},"end":{"line":6,"column":30}},"2":{"start":{"line":8,"column":2},"end":{"line":10,"column":9}},"3":{"start":{"line":9,"column":4},"end":{"line":9,"column":54}},"4":{"start":{"line":13,"column":20},"end":{"line":17,"column":3}},"5":{"start":{"line":19,"column":19},"end":{"line":24,"column":3}},"6":{"start":{"line":27,"column":2},"end":{"line":37,"column":4}}},"fnMap":{"0":{"name":"(anonymous_0)","decl":{"start":{"line":5,"column":22},"end":{"line":5,"column":23}},"loc":{"start":{"line":5,"column":33},"end":{"line":38,"column":1}},"line":5},"1":{"name":"(anonymous_1)","decl":{"start":{"line":8,"column":12},"end":{"line":8,"column":13}},"loc":{"start":{"line":8,"column":18},"end":{"line":10,"column":3}},"line":8}},"branchMap":{},"s":{"0":1,"1":0,"2":0,"3":0,"4":0,"5":0,"6":0},"f":{"0":0,"1":0},"b":{},"_coverageSchema":"1a1c01bbd47fc00a2c39e90264f33305004495a9","hash":"c526d663fdb30e8bd757065fb8bf7b3995af0160"}
,"/Users/austinbeyaoju/Documents/hackReactor/P2P/client/src/components/ReviewComponent/Ratings/Ratings.jsx": {"path":"/Users/austinbeyaoju/Documents/hackReactor/P2P/client/src/components/ReviewComponent/Ratings/Ratings.jsx","statementMap":{"0":{"start":{"line":8,"column":19},"end":{"line":8,"column":20}},"1":{"start":{"line":9,"column":21},"end":{"line":9,"column":22}},"2":{"start":{"line":10,"column":2},"end":{"line":13,"column":5}},"3":{"start":{"line":11,"column":4},"end":{"line":11,"column":40}},"4":{"start":{"line":12,"column":4},"end":{"line":12,"column":34}},"5":{"start":{"line":14,"column":2},"end":{"line":17,"column":3}},"6":{"start":{"line":21,"column":12},"end":{"line":27,"column":3}},"7":{"start":{"line":28,"column":2},"end":{"line":28,"column":44}},"8":{"start":{"line":28,"column":22},"end":{"line":28,"column":42}},"9":{"start":{"line":29,"column":2},"end":{"line":29,"column":13}},"10":{"start":{"line":32,"column":16},"end":{"line":92,"column":1}},"11":{"start":{"line":33,"column":2},"end":{"line":91,"column":3}},"12":{"start":{"line":34,"column":4},"end":{"line":34,"column":32}},"13":{"start":{"line":36,"column":22},"end":{"line":36,"column":77}},"14":{"start":{"line":36,"column":62},"end":{"line":36,"column":76}},"15":{"start":{"line":37,"column":24},"end":{"line":37,"column":79}},"16":{"start":{"line":37,"column":65},"end":{"line":37,"column":78}},"17":{"start":{"line":40,"column":22},"end":{"line":42,"column":6}},"18":{"start":{"line":41,"column":6},"end":{"line":41,"column":38}},"19":{"start":{"line":43,"column":26},"end":{"line":43,"column":72}},"20":{"start":{"line":44,"column":25},"end":{"line":44,"column":51}},"21":{"start":{"line":45,"column":32},"end":{"line":45,"column":65}},"22":{"start":{"line":46,"column":28},"end":{"line":48,"column":6}},"23":{"start":{"line":47,"column":6},"end":{"line":47,"column":105}},"24":{"start":{"line":50,"column":4},"end":{"line":90,"column":6}},"25":{"start":{"line":87,"column":10},"end":{"line":87,"column":154}}},"fnMap":{"0":{"name":"avgRatingAndTotalCount","decl":{"start":{"line":7,"column":9},"end":{"line":7,"column":31}},"loc":{"start":{"line":7,"column":46},"end":{"line":18,"column":1}},"line":7},"1":{"name":"(anonymous_1)","decl":{"start":{"line":10,"column":15},"end":{"line":10,"column":16}},"loc":{"start":{"line":10,"column":31},"end":{"line":13,"column":3}},"line":10},"2":{"name":"objectOfRatings","decl":{"start":{"line":20,"column":9},"end":{"line":20,"column":24}},"loc":{"start":{"line":20,"column":32},"end":{"line":30,"column":1}},"line":20},"3":{"name":"(anonymous_3)","decl":{"start":{"line":28,"column":15},"end":{"line":28,"column":16}},"loc":{"start":{"line":28,"column":22},"end":{"line":28,"column":42}},"line":28},"4":{"name":"(anonymous_4)","decl":{"start":{"line":32,"column":16},"end":{"line":32,"column":17}},"loc":{"start":{"line":32,"column":30},"end":{"line":92,"column":1}},"line":32},"5":{"name":"(anonymous_5)","decl":{"start":{"line":36,"column":52},"end":{"line":36,"column":53}},"loc":{"start":{"line":36,"column":62},"end":{"line":36,"column":76}},"line":36},"6":{"name":"(anonymous_6)","decl":{"start":{"line":37,"column":56},"end":{"line":37,"column":57}},"loc":{"start":{"line":37,"column":65},"end":{"line":37,"column":78}},"line":37},"7":{"name":"(anonymous_7)","decl":{"start":{"line":40,"column":55},"end":{"line":40,"column":56}},"loc":{"start":{"line":40,"column":62},"end":{"line":42,"column":5}},"line":40},"8":{"name":"(anonymous_8)","decl":{"start":{"line":46,"column":68},"end":{"line":46,"column":69}},"loc":{"start":{"line":46,"column":89},"end":{"line":48,"column":5}},"line":46},"9":{"name":"(anonymous_9)","decl":{"start":{"line":86,"column":29},"end":{"line":86,"column":30}},"loc":{"start":{"line":86,"column":52},"end":{"line":88,"column":9}},"line":86}},"branchMap":{"0":{"loc":{"start":{"line":33,"column":2},"end":{"line":91,"column":3}},"type":"if","locations":[{"start":{"line":33,"column":2},"end":{"line":91,"column":3}},{"start":{"line":35,"column":9},"end":{"line":91,"column":3}}],"line":33}},"s":{"0":0,"1":0,"2":0,"3":0,"4":0,"5":0,"6":0,"7":0,"8":0,"9":0,"10":1,"11":0,"12":0,"13":0,"14":0,"15":0,"16":0,"17":0,"18":0,"19":0,"20":0,"21":0,"22":0,"23":0,"24":0,"25":0},"f":{"0":0,"1":0,"2":0,"3":0,"4":0,"5":0,"6":0,"7":0,"8":0,"9":0},"b":{"0":[0,0]},"_coverageSchema":"1a1c01bbd47fc00a2c39e90264f33305004495a9","hash":"2338371e5ff8ec7b1293777822989d66a128304e"}
,"/Users/austinbeyaoju/Documents/hackReactor/P2P/client/src/components/ReviewComponent/Ratings/RatingsProgressBar.jsx": {"path":"/Users/austinbeyaoju/Documents/hackReactor/P2P/client/src/components/ReviewComponent/Ratings/RatingsProgressBar.jsx","statementMap":{"0":{"start":{"line":4,"column":20},"end":{"line":34,"column":1}},"1":{"start":{"line":5,"column":20},"end":{"line":5,"column":32}},"2":{"start":{"line":7,"column":2},"end":{"line":10,"column":9}},"3":{"start":{"line":8,"column":4},"end":{"line":8,"column":58}},"4":{"start":{"line":13,"column":20},"end":{"line":19,"column":3}},"5":{"start":{"line":21,"column":19},"end":{"line":26,"column":3}},"6":{"start":{"line":28,"column":2},"end":{"line":33,"column":4}}},"fnMap":{"0":{"name":"(anonymous_0)","decl":{"start":{"line":4,"column":20},"end":{"line":4,"column":21}},"loc":{"start":{"line":4,"column":31},"end":{"line":34,"column":1}},"line":4},"1":{"name":"(anonymous_1)","decl":{"start":{"line":7,"column":12},"end":{"line":7,"column":13}},"loc":{"start":{"line":7,"column":18},"end":{"line":10,"column":3}},"line":7}},"branchMap":{},"s":{"0":1,"1":0,"2":0,"3":0,"4":0,"5":0,"6":0},"f":{"0":0,"1":0},"b":{},"_coverageSchema":"1a1c01bbd47fc00a2c39e90264f33305004495a9","hash":"17465814ee07cc6b0dfdf1d1376e6285eb871776"}
,"/Users/austinbeyaoju/Documents/hackReactor/P2P/client/src/components/ReviewComponent/Reviews/FormChars.jsx": {"path":"/Users/austinbeyaoju/Documents/hackReactor/P2P/client/src/components/ReviewComponent/Reviews/FormChars.jsx","statementMap":{"0":{"start":{"line":4,"column":18},"end":{"line":53,"column":1}},"1":{"start":{"line":5,"column":24},"end":{"line":5,"column":35}},"2":{"start":{"line":6,"column":18},"end":{"line":6,"column":54}},"3":{"start":{"line":8,"column":2},"end":{"line":52,"column":5}},"4":{"start":{"line":9,"column":15},"end":{"line":9,"column":30}},"5":{"start":{"line":10,"column":4},"end":{"line":51,"column":7}}},"fnMap":{"0":{"name":"(anonymous_0)","decl":{"start":{"line":4,"column":18},"end":{"line":4,"column":19}},"loc":{"start":{"line":4,"column":30},"end":{"line":53,"column":1}},"line":4},"1":{"name":"(anonymous_1)","decl":{"start":{"line":8,"column":23},"end":{"line":8,"column":24}},"loc":{"start":{"line":8,"column":36},"end":{"line":52,"column":3}},"line":8}},"branchMap":{"0":{"loc":{"start":{"line":21,"column":12},"end":{"line":26,"column":15}},"type":"binary-expr","locations":[{"start":{"line":21,"column":13},"end":{"line":21,"column":35}},{"start":{"line":22,"column":12},"end":{"line":26,"column":15}}],"line":21},"1":{"loc":{"start":{"line":28,"column":12},"end":{"line":33,"column":15}},"type":"binary-expr","locations":[{"start":{"line":28,"column":13},"end":{"line":28,"column":38}},{"start":{"line":29,"column":12},"end":{"line":33,"column":15}}],"line":28},"2":{"loc":{"start":{"line":35,"column":12},"end":{"line":40,"column":15}},"type":"binary-expr","locations":[{"start":{"line":35,"column":13},"end":{"line":35,"column":39}},{"start":{"line":36,"column":12},"end":{"line":40,"column":15}}],"line":35},"3":{"loc":{"start":{"line":42,"column":12},"end":{"line":47,"column":15}},"type":"binary-expr","locations":[{"start":{"line":42,"column":13},"end":{"line":42,"column":39}},{"start":{"line":43,"column":12},"end":{"line":47,"column":15}}],"line":42}},"s":{"0":1,"1":0,"2":0,"3":0,"4":0,"5":0},"f":{"0":0,"1":0},"b":{"0":[0,0],"1":[0,0],"2":[0,0],"3":[0,0]},"_coverageSchema":"1a1c01bbd47fc00a2c39e90264f33305004495a9","hash":"cb6800a4ce5e8d50d87b37fa41f2c93a1d588a68"}
,"/Users/austinbeyaoju/Documents/hackReactor/P2P/client/src/components/ReviewComponent/Reviews/FormStarRating.jsx": {"path":"/Users/austinbeyaoju/Documents/hackReactor/P2P/client/src/components/ReviewComponent/Reviews/FormStarRating.jsx","statementMap":{"0":{"start":{"line":4,"column":23},"end":{"line":68,"column":1}},"1":{"start":{"line":5,"column":18},"end":{"line":5,"column":30}},"2":{"start":{"line":6,"column":18},"end":{"line":6,"column":30}},"3":{"start":{"line":7,"column":20},"end":{"line":7,"column":32}},"4":{"start":{"line":8,"column":19},"end":{"line":8,"column":31}},"5":{"start":{"line":9,"column":19},"end":{"line":9,"column":31}},"6":{"start":{"line":12,"column":4},"end":{"line":12,"column":16}},"7":{"start":{"line":13,"column":4},"end":{"line":45,"column":5}},"8":{"start":{"line":14,"column":6},"end":{"line":44,"column":7}},"9":{"start":{"line":15,"column":8},"end":{"line":15,"column":48}},"10":{"start":{"line":16,"column":8},"end":{"line":16,"column":48}},"11":{"start":{"line":17,"column":8},"end":{"line":17,"column":50}},"12":{"start":{"line":18,"column":8},"end":{"line":18,"column":49}},"13":{"start":{"line":19,"column":8},"end":{"line":19,"column":49}},"14":{"start":{"line":20,"column":13},"end":{"line":44,"column":7}},"15":{"start":{"line":21,"column":8},"end":{"line":21,"column":48}},"16":{"start":{"line":22,"column":8},"end":{"line":22,"column":48}},"17":{"start":{"line":23,"column":8},"end":{"line":23,"column":50}},"18":{"start":{"line":24,"column":8},"end":{"line":24,"column":49}},"19":{"start":{"line":25,"column":8},"end":{"line":25,"column":49}},"20":{"start":{"line":26,"column":13},"end":{"line":44,"column":7}},"21":{"start":{"line":27,"column":8},"end":{"line":27,"column":48}},"22":{"start":{"line":28,"column":8},"end":{"line":28,"column":48}},"23":{"start":{"line":29,"column":8},"end":{"line":29,"column":50}},"24":{"start":{"line":30,"column":8},"end":{"line":30,"column":49}},"25":{"start":{"line":31,"column":8},"end":{"line":31,"column":49}},"26":{"start":{"line":32,"column":13},"end":{"line":44,"column":7}},"27":{"start":{"line":33,"column":8},"end":{"line":33,"column":48}},"28":{"start":{"line":34,"column":8},"end":{"line":34,"column":48}},"29":{"start":{"line":35,"column":8},"end":{"line":35,"column":50}},"30":{"start":{"line":36,"column":8},"end":{"line":36,"column":49}},"31":{"start":{"line":37,"column":8},"end":{"line":37,"column":49}},"32":{"start":{"line":38,"column":13},"end":{"line":44,"column":7}},"33":{"start":{"line":39,"column":8},"end":{"line":39,"column":48}},"34":{"start":{"line":40,"column":8},"end":{"line":40,"column":48}},"35":{"start":{"line":41,"column":8},"end":{"line":41,"column":50}},"36":{"start":{"line":42,"column":8},"end":{"line":42,"column":49}},"37":{"start":{"line":43,"column":8},"end":{"line":43,"column":49}},"38":{"start":{"line":48,"column":2},"end":{"line":67,"column":3}}},"fnMap":{"0":{"name":"(anonymous_0)","decl":{"start":{"line":4,"column":23},"end":{"line":4,"column":24}},"loc":{"start":{"line":4,"column":29},"end":{"line":68,"column":1}},"line":4},"1":{"name":"onStarClick","decl":{"start":{"line":11,"column":11},"end":{"line":11,"column":22}},"loc":{"start":{"line":11,"column":27},"end":{"line":46,"column":3}},"line":11}},"branchMap":{"0":{"loc":{"start":{"line":13,"column":4},"end":{"line":45,"column":5}},"type":"if","locations":[{"start":{"line":13,"column":4},"end":{"line":45,"column":5}},{"start":{},"end":{}}],"line":13},"1":{"loc":{"start":{"line":14,"column":6},"end":{"line":44,"column":7}},"type":"if","locations":[{"start":{"line":14,"column":6},"end":{"line":44,"column":7}},{"start":{"line":20,"column":13},"end":{"line":44,"column":7}}],"line":14},"2":{"loc":{"start":{"line":20,"column":13},"end":{"line":44,"column":7}},"type":"if","locations":[{"start":{"line":20,"column":13},"end":{"line":44,"column":7}},{"start":{"line":26,"column":13},"end":{"line":44,"column":7}}],"line":20},"3":{"loc":{"start":{"line":26,"column":13},"end":{"line":44,"column":7}},"type":"if","locations":[{"start":{"line":26,"column":13},"end":{"line":44,"column":7}},{"start":{"line":32,"column":13},"end":{"line":44,"column":7}}],"line":26},"4":{"loc":{"start":{"line":32,"column":13},"end":{"line":44,"column":7}},"type":"if","locations":[{"start":{"line":32,"column":13},"end":{"line":44,"column":7}},{"start":{"line":38,"column":13},"end":{"line":44,"column":7}}],"line":32},"5":{"loc":{"start":{"line":38,"column":13},"end":{"line":44,"column":7}},"type":"if","locations":[{"start":{"line":38,"column":13},"end":{"line":44,"column":7}},{"start":{},"end":{}}],"line":38}},"s":{"0":1,"1":0,"2":0,"3":0,"4":0,"5":0,"6":0,"7":0,"8":0,"9":0,"10":0,"11":0,"12":0,"13":0,"14":0,"15":0,"16":0,"17":0,"18":0,"19":0,"20":0,"21":0,"22":0,"23":0,"24":0,"25":0,"26":0,"27":0,"28":0,"29":0,"30":0,"31":0,"32":0,"33":0,"34":0,"35":0,"36":0,"37":0,"38":0},"f":{"0":0,"1":0},"b":{"0":[0,0],"1":[0,0],"2":[0,0],"3":[0,0],"4":[0,0],"5":[0,0]},"_coverageSchema":"1a1c01bbd47fc00a2c39e90264f33305004495a9","hash":"92346a74019a83d8e65acd158c34fd1155e51a15"}
[...]
"line":4,"column":34},"end":{"line":49,"column":1}},"line":4},"1":{"name":"(anonymous_1)","decl":{"start":{"line":9,"column":21},"end":{"line":9,"column":22}},"loc":{"start":{"line":9,"column":27},"end":{"line":11,"column":3}},"line":9},"2":{"name":"(anonymous_2)","decl":{"start":{"line":13,"column":22},"end":{"line":13,"column":23}},"loc":{"start":{"line":13,"column":33},"end":{"line":28,"column":3}},"line":13},"3":{"name":"(anonymous_3)","decl":{"start":{"line":18,"column":19},"end":{"line":18,"column":20}},"loc":{"start":{"line":18,"column":25},"end":{"line":18,"column":46}},"line":18},"4":{"name":"(anonymous_4)","decl":{"start":{"line":23,"column":21},"end":{"line":23,"column":22}},"loc":{"start":{"line":23,"column":27},"end":{"line":23,"column":48}},"line":23},"5":{"name":"(anonymous_5)","decl":{"start":{"line":36,"column":19},"end":{"line":36,"column":20}},"loc":{"start":{"line":36,"column":25},"end":{"line":36,"column":45}},"line":36},"6":{"name":"(anonymous_6)","decl":{"start":{"line":39,"column":19},"end":{"line":39,"column":20}},"loc":{"start":{"line":39,"column":25},"end":{"line":39,"column":45}},"line":39}},"branchMap":{"0":{"loc":{"start":{"line":10,"column":4},"end":{"line":10,"column":123}},"type":"if","locations":[{"start":{"line":10,"column":4},"end":{"line":10,"column":123}},{"start":{},"end":{}}],"line":10},"1":{"loc":{"start":{"line":10,"column":8},"end":{"line":10,"column":100}},"type":"binary-expr","locations":[{"start":{"line":10,"column":8},"end":{"line":10,"column":31}},{"start":{"line":10,"column":35},"end":{"line":10,"column":65}},{"start":{"line":10,"column":69},"end":{"line":10,"column":100}}],"line":10},"2":{"loc":{"start":{"line":14,"column":4},"end":{"line":27,"column":5}},"type":"if","locations":[{"start":{"line":14,"column":4},"end":{"line":27,"column":5}},{"start":{},"end":{}}],"line":14},"3":{"loc":{"start":{"line":30,"column":2},"end":{"line":47,"column":3}},"type":"if","locations":[{"start":{"line":30,"column":2},"end":{"line":47,"column":3}},{"start":{"line":45,"column":9},"end":{"line":47,"column":3}}],"line":30}},"s":{"0":1,"1":0,"2":0,"3":0,"4":0,"5":0,"6":0,"7":0,"8":0,"9":0,"10":0,"11":0,"12":0,"13":0,"14":0,"15":0,"16":0},"f":{"0":0,"1":0,"2":0,"3":0,"4":0,"5":0,"6":0},"b":{"0":[0,0],"1":[0,0,0],"2":[0,0],"3":[0,0]},"_coverageSchema":"1a1c01bbd47fc00a2c39e90264f33305004495a9","hash":"c37c2056d37423e4c6d965dbf16d8edf198eb3b2"}
,"/Users/austinbeyaoju/Documents/hackReactor/P2P/client/src/components/ReviewComponent/Reviews/ReviewSort.jsx": {"path":"/Users/austinbeyaoju/Documents/hackReactor/P2P/client/src/components/ReviewComponent/Reviews/ReviewSort.jsx","statementMap":{"0":{"start":{"line":3,"column":19},"end":{"line":14,"column":1}},"1":{"start":{"line":4,"column":2},"end":{"line":13,"column":4}},"2":{"start":{"line":7,"column":31},"end":{"line":7,"column":70}}},"fnMap":{"0":{"name":"(anonymous_0)","decl":{"start":{"line":3,"column":19},"end":{"line":3,"column":20}},"loc":{"start":{"line":3,"column":50},"end":{"line":14,"column":1}},"line":3},"1":{"name":"(anonymous_1)","decl":{"start":{"line":7,"column":24},"end":{"line":7,"column":25}},"loc":{"start":{"line":7,"column":31},"end":{"line":7,"column":70}},"line":7}},"branchMap":{},"s":{"0":1,"1":0,"2":0},"f":{"0":0,"1":0},"b":{},"_coverageSchema":"1a1c01bbd47fc00a2c39e90264f33305004495a9","hash":"a71f801a89f7cd2188ba478833a26e6d9746d4f4"}
,"/Users/austinbeyaoju/Documents/hackReactor/P2P/client/src/components/ReviewComponent/Reviews/Reviews.jsx": {"path":"/Users/austinbeyaoju/Documents/hackReactor/P2P/client/src/components/ReviewComponent/Reviews/Reviews.jsx","statementMap":{"0":{"start":{"line":9,"column":16},"end":{"line":85,"column":1}},"1":{"start":{"line":18,"column":26},"end":{"line":18,"column":41}},"2":{"start":{"line":19,"column":28},"end":{"line":19,"column":39}},"3":{"start":{"line":20,"column":25},"end":{"line":20,"column":51}},"4":{"start":{"line":21,"column":19},"end":{"line":21,"column":33}},"5":{"start":{"line":24,"column":2},"end":{"line":84,"column":3}},"6":{"start":{"line":25,"column":4},"end":{"line":25,"column":54}},"7":{"start":{"line":29,"column":6},"end":{"line":29,"column":21}},"8":{"start":{"line":32,"column":24},"end":{"line":60,"column":5}},"9":{"start":{"line":35,"column":30},"end":{"line":35,"column":67}},"10":{"start":{"line":36,"column":8},"end":{"line":55,"column":10}},"11":{"start":{"line":37,"column":10},"end":{"line":54,"column":12}},"12":{"start":{"line":58,"column":8},"end":{"line":58,"column":28}},"13":{"start":{"line":62,"column":4},"end":{"line":83,"column":3}},"14":{"start":{"line":69,"column":49},"end":{"line":69,"column":85}},"15":{"start":{"line":71,"column":60},"end":{"line":71,"column":71}}},"fnMap":{"0":{"name":"(anonymous_0)","decl":{"start":{"line":9,"column":16},"end":{"line":9,"column":17}},"loc":{"start":{"line":17,"column":22},"end":{"line":85,"column":1}},"line":17},"1":{"name":"showModal","decl":{"start":{"line":28,"column":13},"end":{"line":28,"column":22}},"loc":{"start":{"line":28,"column":26},"end":{"line":30,"column":5}},"line":28},"2":{"name":"(anonymous_2)","decl":{"start":{"line":34,"column":19},"end":{"line":34,"column":20}},"loc":{"start":{"line":34,"column":25},"end":{"line":56,"column":7}},"line":34},"3":{"name":"(anonymous_3)","decl":{"start":{"line":36,"column":33},"end":{"line":36,"column":34}},"loc":{"start":{"line":36,"column":43},"end":{"line":55,"column":9}},"line":36},"4":{"name":"(anonymous_4)","decl":{"start":{"line":57,"column":28},"end":{"line":57,"column":29}},"loc":{"start":{"line":57,"column":34},"end":{"line":59,"column":7}},"line":57},"5":{"name":"(anonymous_5)","decl":{"start":{"line":69,"column":43},"end":{"line":69,"column":44}},"loc":{"start":{"line":69,"column":48},"end":{"line":69,"column":86}},"line":69},"6":{"name":"(anonymous_6)","decl":{"start":{"line":71,"column":54},"end":{"line":71,"column":55}},"loc":{"start":{"line":71,"column":59},"end":{"line":71,"column":72}},"line":71}},"branchMap":{"0":{"loc":{"start":{"line":24,"column":2},"end":{"line":84,"column":3}},"type":"if","locations":[{"start":{"line":24,"column":2},"end":{"line":84,"column":3}},{"start":{"line":26,"column":9},"end":{"line":84,"column":3}}],"line":24},"1":{"loc":{"start":{"line":48,"column":25},"end":{"line":48,"column":84}},"type":"cond-expr","locations":[{"start":{"line":48,"column":50},"end":{"line":48,"column":70}},{"start":{"line":48,"column":73},"end":{"line":48,"column":84}}],"line":48}},"s":{"0":1,"1":0,"2":0,"3":0,"4":0,"5":0,"6":0,"7":0,"8":0,"9":0,"10":0,"11":0,"12":0,"13":0,"14":0,"15":0},"f":{"0":0,"1":0,"2":0,"3":0,"4":0,"5":0,"6":0},"b":{"0":[0,0],"1":[0,0]},"_coverageSchema":"1a1c01bbd47fc00a2c39e90264f33305004495a9","hash":"29dd02628dc00154cccd3404142dd0bd08415699"}
,"/Users/austinbeyaoju/Documents/hackReactor/P2P/client/src/components/sharedComponents/Card.jsx": {"path":"/Users/austinbeyaoju/Documents/hackReactor/P2P/client/src/components/sharedComponents/Card.jsx","statementMap":{"0":{"start":{"line":3,"column":13},"end":{"line":10,"column":1}},"1":{"start":{"line":4,"column":18},"end":{"line":4,"column":60}},"2":{"start":{"line":5,"column":2},"end":{"line":9,"column":3}}},"fnMap":{"0":{"name":"(anonymous_0)","decl":{"start":{"line":3,"column":13},"end":{"line":3,"column":14}},"loc":{"start":{"line":3,"column":24},"end":{"line":10,"column":1}},"line":3}},"branchMap":{},"s":{"0":1,"1":0,"2":0},"f":{"0":0},"b":{},"_coverageSchema":"1a1c01bbd47fc00a2c39e90264f33305004495a9","hash":"0d426780dc4672e8590f6950e527b6051db78230"}
,"/Users/austinbeyaoju/Documents/hackReactor/P2P/client/src/components/sharedComponents/Modal/Modal.jsx": {"path":"/Users/austinbeyaoju/Documents/hackReactor/P2P/client/src/components/sharedComponents/Modal/Modal.jsx","statementMap":{"0":{"start":{"line":4,"column":21},"end":{"line":4,"column":58}},"1":{"start":{"line":7,"column":30},"end":{"line":7,"column":53}},"2":{"start":{"line":9,"column":2},"end":{"line":12,"column":14}},"3":{"start":{"line":9,"column":34},"end":{"line":12,"column":3}},"4":{"start":{"line":10,"column":16},"end":{"line":10,"column":31}},"5":{"start":{"line":11,"column":17},"end":{"line":11,"column":33}},"6":{"start":{"line":14,"column":23},"end":{"line":16,"column":8}},"7":{"start":{"line":15,"column":4},"end":{"line":15,"column":46}},"8":{"start":{"line":15,"column":30},"end":{"line":15,"column":46}},"9":{"start":{"line":18,"column":2},"end":{"line":23,"column":28}},"10":{"start":{"line":19,"column":4},"end":{"line":19,"column":73}},"11":{"start":{"line":19,"column":16},"end":{"line":19,"column":73}},"12":{"start":{"line":20,"column":4},"end":{"line":22,"column":5}},"13":{"start":{"line":21,"column":6},"end":{"line":21,"column":66}},"14":{"start":{"line":25,"column":2},"end":{"line":28,"column":3}},"15":{"start":{"line":26,"column":33},"end":{"line":26,"column":49}}},"fnMap":{"0":{"name":"Modal","decl":{"start":{"line":6,"column":16},"end":{"line":6,"column":21}},"loc":{"start":{"line":6,"column":64},"end":{"line":29,"column":1}},"line":6},"1":{"name":"(anonymous_1)","decl":{"start":{"line":9,"column":27},"end":{"line":9,"column":28}},"loc":{"start":{"line":9,"column":34},"end":{"line":12,"column":3}},"line":9},"2":{"name":"(anonymous_2)","decl":{"start":{"line":10,"column":10},"end":{"line":10,"column":11}},"loc":{"start":{"line":10,"column":16},"end":{"line":10,"column":31}},"line":10},"3":{"name":"(anonymous_3)","decl":{"start":{"line":11,"column":11},"end":{"line":11,"column":12}},"loc":{"start":{"line":11,"column":17},"end":{"line":11,"column":33}},"line":11},"4":{"name":"(anonymous_4)","decl":{"start":{"line":14,"column":35},"end":{"line":14,"column":36}},"loc":{"start":{"line":14,"column":44},"end":{"line":16,"column":3}},"line":14},"5":{"name":"(anonymous_5)","decl":{"start":{"line":18,"column":12},"end":{"line":18,"column":13}},"loc":{"start":{"line":18,"column":18},"end":{"line":23,"column":3}},"line":18},"6":{"name":"(anonymous_6)","decl":{"start":{"line":20,"column":11},"end":{"line":20,"column":12}},"loc":{"start":{"line":20,"column":17},"end":{"line":22,"column":5}},"line":20},"7":{"name":"(anonymous_7)","decl":{"start":{"line":26,"column":27},"end":{"line":26,"column":28}},"loc":{"start":{"line":26,"column":33},"end":{"line":26,"column":49}},"line":26}},"branchMap":{"0":{"loc":{"start":{"line":6,"column":34},"end":{"line":6,"column":55}},"type":"default-arg","locations":[{"start":{"line":6,"column":50},"end":{"line":6,"column":55}}],"line":6},"1":{"loc":{"start":{"line":15,"column":4},"end":{"line":15,"column":46}},"type":"if","locations":[{"start":{"line":15,"column":4},"end":{"line":15,"column":46}},{"start":{},"end":{}}],"line":15},"2":{"loc":{"start":{"line":19,"column":4},"end":{"line":19,"column":73}},"type":"if","locations":[{"start":{"line":19,"column":4},"end":{"line":19,"column":73}},{"start":{},"end":{}}],"line":19},"3":{"loc":{"start":{"line":26,"column":4},"end":{"line":26,"column":92}},"type":"cond-expr","locations":[{"start":{"line":26,"column":13},"end":{"line":26,"column":85}},{"start":{"line":26,"column":88},"end":{"line":26,"column":92}}],"line":26}},"s":{"0":1,"1":0,"2":0,"3":0,"4":0,"5":0,"6":0,"7":0,"8":0,"9":0,"10":0,"11":0,"12":0,"13":0,"14":0,"15":0},"f":{"0":0,"1":0,"2":0,"3":0,"4":0,"5":0,"6":0,"7":0},"b":{"0":[0],"1":[0,0],"2":[0,0],"3":[0,0]},"_coverageSchema":"1a1c01bbd47fc00a2c39e90264f33305004495a9","hash":"85d64281beeadf480e555da243ccb6263c3ea362"}
,"/Users/austinbeyaoju/Documents/hackReactor/P2P/client/src/components/sharedComponents/modalComponent/Modal.jsx": {"path":"/Users/austinbeyaoju/Documents/hackReactor/P2P/client/src/components/sharedComponents/modalComponent/Modal.jsx","statementMap":{"0":{"start":{"line":4,"column":20},"end":{"line":29,"column":1}},"1":{"start":{"line":5,"column":18},"end":{"line":5,"column":30}},"2":{"start":{"line":7,"column":2},"end":{"line":12,"column":22}},"3":{"start":{"line":8,"column":4},"end":{"line":11,"column":5}},"4":{"start":{"line":9,"column":6},"end":{"line":9,"column":41}},"5":{"start":{"line":10,"column":6},"end":{"line":10,"column":45}},"6":{"start":{"line":14,"column":18},"end":{"line":14,"column":61}},"7":{"start":{"line":16,"column":2},"end":{"line":28,"column":3}},"8":{"start":{"line":17,"column":4},"end":{"line":17,"column":16}},"9":{"start":{"line":19,"column":4},"end":{"line":27,"column":5}}},"fnMap":{"0":{"name":"(anonymous_0)","decl":{"start":{"line":4,"column":20},"end":{"line":4,"column":21}},"loc":{"start":{"line":4,"column":31},"end":{"line":29,"column":1}},"line":4},"1":{"name":"(anonymous_1)","decl":{"start":{"line":7,"column":12},"end":{"line":7,"column":13}},"loc":{"start":{"line":7,"column":18},"end":{"line":12,"column":3}},"line":7}},"branchMap":{"0":{"loc":{"start":{"line":8,"column":4},"end":{"line":11,"column":5}},"type":"if","locations":[{"start":{"line":8,"column":4},"end":{"line":11,"column":5}},{"start":{},"end":{}}],"line":8},"1":{"loc":{"start":{"line":16,"column":2},"end":{"line":28,"column":3}},"type":"if","locations":[{"start":{"line":16,"column":2},"end":{"line":28,"column":3}},{"start":{"line":18,"column":9},"end":{"line":28,"column":3}}],"line":16}},"s":{"0":1,"1":0,"2":0,"3":0,"4":0,"5":0,"6":0,"7":0,"8":0,"9":0},"f":{"0":0,"1":0},"b":{"0":[0,0],"1":[0,0]},"_coverageSchema":"1a1c01bbd47fc00a2c39e90264f33305004495a9","hash":"732b27c1b2571e15d3088d0119fba146dffc274d"}
,"/Users/austinbeyaoju/Documents/hackReactor/P2P/client/src/components/sharedComponents/starComponent/StarRating.jsx": {"path":"/Users/austinbeyaoju/Documents/hackReactor/P2P/client/src/components/sharedComponents/starComponent/StarRating.jsx","statementMap":{"0":{"start":{"line":2,"column":18},"end":{"line":2,"column":52}},"1":{"start":{"line":3,"column":13},"end":{"line":3,"column":42}},"2":{"start":{"line":4,"column":23},"end":{"line":4,"column":64}},"3":{"start":{"line":5,"column":17},"end":{"line":5,"column":51}},"4":{"start":{"line":6,"column":25},"end":{"line":6,"column":68}},"5":{"start":{"line":19,"column":19},"end":{"line":19,"column":20}},"6":{"start":{"line":20,"column":21},"end":{"line":20,"column":22}},"7":{"start":{"line":21,"column":2},"end":{"line":24,"column":5}},"8":{"start":{"line":22,"column":4},"end":{"line":22,"column":40}},"9":{"start":{"line":23,"column":4},"end":{"line":23,"column":34}},"10":{"start":{"line":25,"column":2},"end":{"line":25,"column":80}},"11":{"start":{"line":26,"column":2},"end":{"line":26,"column":54}},"12":{"start":{"line":29,"column":0},"end":{"line":29,"column":48}},"13":{"start":{"line":31,"column":18},"end":{"line":49,"column":1}},"14":{"start":{"line":32,"column":18},"end":{"line":32,"column":20}},"15":{"start":{"line":33,"column":2},"end":{"line":44,"column":3}},"16":{"start":{"line":34,"column":4},"end":{"line":42,"column":5}},"17":{"start":{"line":35,"column":6},"end":{"line":35,"column":67}},"18":{"start":{"line":36,"column":11},"end":{"line":42,"column":5}},"19":{"start":{"line":37,"column":6},"end":{"line":37,"column":80}},"20":{"start":{"line":38,"column":11},"end":{"line":42,"column":5}},"21":{"start":{"line":39,"column":6},"end":{"line":39,"column":73}},"22":{"start":{"line":40,"column":11},"end":{"line":42,"column":5}},"23":{"start":{"line":41,"column":6},"end":{"line":41,"column":79}},"24":{"start":{"line":43,"column":4},"end":{"line":43,"column":13}},"25":{"start":{"line":45,"column":2},"end":{"line":47,"column":3}},"26":{"start":{"line":46,"column":4},"end":{"line":46,"column":70}},"27":{"start":{"line":48,"column":2},"end":{"line":48,"column":19}},"28":{"start":{"line":51,"column":19},"end":{"line":74,"column":1}},"29":{"start":{"line":52,"column":2},"end":{"line":73,"column":3}},"30":{"start":{"line":53,"column":4},"end":{"line":53,"column":29}},"31":{"start":{"line":55,"column":4},"end":{"line":72,"column":5}},"32":{"start":{"line":56,"column":23},"end":{"line":56,"column":93}},"33":{"start":{"line":56,"column":75},"end":{"line":56,"column":92}},"34":{"start":{"line":57,"column":22},"end":{"line":57,"column":94}},"35":{"start":{"line":57,"column":76},"end":{"line":57,"column":93}},"36":{"start":{"line":59,"column":22},"end":{"line":59,"column":54}},"37":{"start":{"line":61,"column":6},"end":{"line":65,"column":8}},"38":{"start":{"line":67,"column":6},"end":{"line":71,"column":8}}},"fnMap":{"0":{"name":"avgRating","decl":{"start":{"line":18,"column":16},"end":{"line":18,"column":25}},"loc":{"start":{"line":18,"column":40},"end":{"line":27,"column":1}},"line":18},"1":{"name":"(anonymous_1)","decl":{"start":{"line":21,"column":15},"end":{"line":21,"column":16}},"loc":{"start":{"line":21,"column":31},"end":{"line":24,"column":3}},"line":21},"2":{"name":"(anonymous_2)","decl":{"start":{"line":31,"column":18},"end":{"line":31,"column":19}},"loc":{"start":{"line":31,"column":30},"end":{"line":49,"column":1}},"line":31},"3":{"name":"(anonymous_3)","decl":{"start":{"line":51,"column":19},"end":{"line":51,"column":20}},"loc":{"start":{"line":51,"column":48},"end":{"line":74,"column":1}},"line":51},"4":{"name":"(anonymous_4)","decl":{"start":{"line":56,"column":62},"end":{"line":56,"column":63}},"loc":{"start":{"line":56,"column":75},"end":{"line":56,"column":92}},"line":56},"5":{"name":"(anonymous_5)","decl":{"start":{"line":57,"column":63},"end":{"line":57,"column":64}},"loc":{"start":{"line":57,"column":76},"end":{"line":57,"column":93}},"line":57}},"branchMap":{"0":{"loc":{"start":{"line":34,"column":4},"end":{"line":42,"column":5}},"type":"if","locations":[{"start":{"line":34,"column":4},"end":{"line":42,"column":5}},{"start":{"line":36,"column":11},"end":{"line":42,"column":5}}],"line":34},"1":{"loc":{"start":{"line":36,"column":11},"end":{"line":42,"column":5}},"type":"if","locations":[{"start":{"line":36,"column":11},"end":{"line":42,"column":5}},{"start":{"line":38,"column":11},"end":{"line":42,"column":5}}],"line":36},"2":{"loc":{"start":{"line":36,"column":15},"end":{"line":36,"column":43}},"type":"binary-expr","locations":[{"start":{"line":36,"column":15},"end":{"line":36,"column":25}},{"start":{"line":36,"column":29},"end":{"line":36,"column":43}}],"line":36},"3":{"loc":{"start":{"line":38,"column":11},"end":{"line":42,"column":5}},"type":"if","locations":[{"start":{"line":38,"column":11},"end":{"line":42,"column":5}},{"start":{"line":40,"column":11},"end":{"line":42,"column":5}}],"line":38},"4":{"loc":{"start":{"line":38,"column":15},"end":{"line":38,"column":45}},"type":"binary-expr","locations":[{"start":{"line":38,"column":15},"end":{"line":38,"column":28}},{"start":{"line":38,"column":32},"end":{"line":38,"column":45}}],"line":38},"5":{"loc":{"start":{"line":40,"column":11},"end":{"line":42,"column":5}},"type":"if","locations":[{"start":{"line":40,"column":11},"end":{"line":42,"column":5}},{"start":{},"end":{}}],"line":40},"6":{"loc":{"start":{"line":40,"column":15},"end":{"line":40,"column":45}},"type":"binary-expr","locations":[{"start":{"line":40,"column":15},"end":{"line":40,"column":27}},{"start":{"line":40,"column":31},"end":{"line":40,"column":45}}],"line":40},"7":{"loc":{"start":{"line":52,"column":2},"end":{"line":73,"column":3}},"type":"if","locations":[{"start":{"line":52,"column":2},"end":{"line":73,"column":3}},{"start":{"line":54,"column":9},"end":{"line":73,"column":3}}],"line":52},"8":{"loc":{"start":{"line":55,"column":4},"end":{"line":72,"column":5}},"type":"if","locations":[{"start":{"line":55,"column":4},"end":{"line":72,"column":5}},{"start":{"line":66,"column":11},"end":{"line":72,"column":5}}],"line":55}},"s":{"0":1,"1":1,"2":1,"3":1,"4":1,"5":1,"6":1,"7":1,"8":5,"9":5,"10":1,"11":1,"12":1,"13":1,"14":0,"15":0,"16":0,"17":0,"18":0,"19":0,"20":0,"21":0,"22":0,"23":0,"24":0,"25":0,"26":0,"27":0,"28":1,"29":0,"30":0,"31":0,"32":0,"33":0,"34":0,"35":0,"36":0,"37":0,"38":0},"f":{"0":1,"1":5,"2":0,"3":0,"4":0,"5":0},"b":{"0":[0,0],"1":[0,0],"2":[0,0],"3":[0,0],"4":[0,0],"5":[0,0],"6":[0,0],"7":[0,0],"8":[0,0]},"_coverageSchema":"1a1c01bbd47fc00a2c39e90264f33305004495a9","hash":"ca95b0963cfa89133321d8fce57249775a955038"}
}
